[13:31:08] This is prokka 1.14.6
[13:31:08] Written by Torsten Seemann <torsten.seemann@gmail.com>
[13:31:08] Homepage is https://github.com/tseemann/prokka
[13:31:08] Local time is Tue Mar 16 13:31:08 2021
[13:31:08] You are anuraglimdi
[13:31:08] Operating system is darwin
[13:31:08] You have BioPerl 1.007002
[13:31:08] System has 2 cores.
[13:31:08] Option --cpu asked for 8 cores, but system only has 2
[13:31:08] Will use maximum of 2 cores.
[13:31:08] Annotating as >>> Bacteria <<<
[13:31:08] Generating locus_tag from 'rel606_reference.fasta' contents.
[13:31:08] Setting --locustag FJKNNBLA from MD5 f3477b5abbed94fc2fc2bb12ef0d1915
[13:31:08] Creating new output folder: K12_annotations
[13:31:08] Running: mkdir -p K12_annotations
[13:31:08] Using filename prefix: PROKKA_03162021.XXX
[13:31:08] Setting HMMER_NCPU=1
[13:31:08] Writing log to: K12_annotations/PROKKA_03162021.log
[13:31:08] Command: /Users/anuraglimdi/anaconda3/bin/prokka --proteins ecoli_k12_proteins.txt --outdir K12_annotations rel606_reference.fasta
[13:31:08] Appending to PATH: /Users/anuraglimdi/anaconda3/bin
[13:31:08] Looking for 'aragorn' - found /Users/anuraglimdi/anaconda3/bin/aragorn
[13:31:08] Determined aragorn version is 001002 from 'ARAGORN v1.2.38 Dean Laslett'
[13:31:08] Looking for 'barrnap' - found /Users/anuraglimdi/anaconda3/bin/barrnap
[13:31:08] Determined barrnap version is 000009 from 'barrnap 0.9'
[13:31:08] Looking for 'blastp' - found /Users/anuraglimdi/anaconda3/bin/blastp
[13:31:08] Determined blastp version is 002009 from 'blastp: 2.9.0+'
[13:31:08] Looking for 'cmpress' - found /Users/anuraglimdi/anaconda3/bin/cmpress
[13:31:08] Determined cmpress version is 001001 from '# INFERNAL 1.1.3 (Nov 2019)'
[13:31:08] Looking for 'cmscan' - found /Users/anuraglimdi/anaconda3/bin/cmscan
[13:31:08] Determined cmscan version is 001001 from '# INFERNAL 1.1.3 (Nov 2019)'
[13:31:08] Looking for 'egrep' - found /usr/bin/egrep
[13:31:08] Looking for 'find' - found /usr/bin/find
[13:31:08] Looking for 'grep' - found /usr/bin/grep
[13:31:08] Looking for 'hmmpress' - found /Users/anuraglimdi/anaconda3/bin/hmmpress
[13:31:08] Determined hmmpress version is 003003 from '# HMMER 3.3 (Nov 2019); http://hmmer.org/'
[13:31:08] Looking for 'hmmscan' - found /Users/anuraglimdi/anaconda3/bin/hmmscan
[13:31:08] Determined hmmscan version is 003003 from '# HMMER 3.3 (Nov 2019); http://hmmer.org/'
[13:31:08] Looking for 'java' - found /Users/anuraglimdi/anaconda3/bin/java
[13:31:08] Looking for 'makeblastdb' - found /Users/anuraglimdi/anaconda3/bin/makeblastdb
[13:31:08] Determined makeblastdb version is 002009 from 'makeblastdb: 2.9.0+'
[13:31:08] Looking for 'minced' - found /Users/anuraglimdi/anaconda3/bin/minced
[13:31:09] Determined minced version is 004002 from 'minced 0.4.2'
[13:31:09] Looking for 'parallel' - found /Users/anuraglimdi/anaconda3/bin/parallel
[13:31:09] Determined parallel version is 20201122 from 'GNU parallel 20201122'
[13:31:09] Looking for 'prodigal' - found /Users/anuraglimdi/anaconda3/bin/prodigal
[13:31:09] Determined prodigal version is 002006 from 'Prodigal V2.6.3: February, 2016'
[13:31:09] Looking for 'prokka-genbank_to_fasta_db' - found /Users/anuraglimdi/anaconda3/bin/prokka-genbank_to_fasta_db
[13:31:09] Looking for 'sed' - found /usr/bin/sed
[13:31:09] Looking for 'tbl2asn' - found /Users/anuraglimdi/anaconda3/bin/tbl2asn
[13:31:09] Determined tbl2asn version is 025007 from 'tbl2asn 25.7   arguments:'
[13:31:09] Using genetic code table 11.
[13:31:09] Loading and checking input file: rel606_reference.fasta
[13:31:09] Wrote 1 contigs totalling 4629812 bp.
[13:31:09] Predicting tRNAs and tmRNAs
[13:31:09] Running: aragorn -l -gc11  -w K12_annotations\/PROKKA_03162021\.fna
[13:31:11] 1 tRNA-Ile [228219,228295] 35 (gat)
[13:31:11] 2 tRNA-Ala [228338,228413] 34 (tgc)
[13:31:11] 3 tRNA-Asp [231852,231928] 35 (gtc)
[13:31:11] 4 tRNA-Asp [239855,239931] 35 (gtc)
[13:31:11] 5 tRNA-Thr [267363,267438] 34 (cgt)
[13:31:11] 6 tRNA-Ser [317984,318064] 38 (gga)
[13:31:11] 7 tRNA-Arg [536837,536913] 35 (tct)
[13:31:11] 8 tRNA-Gln c[678525,678599] 33 (ctg)
[13:31:11] 9 tRNA-Gln c[678637,678711] 33 (ctg)
[13:31:11] 10 tRNA-Met c[678759,678835] 35 (cat)
[13:31:11] 11 tRNA-Gln c[678851,678925] 33 (ttg)
[13:31:11] 12 tRNA-Gln c[678960,679034] 33 (ttg)
[13:31:11] 13 tRNA-Leu c[679058,679142] 35 (tag)
[13:31:11] 14 tRNA-Met c[679151,679227] 35 (cat)
[13:31:11] 15 tRNA-Lys [761436,761511] 34 (ttt)
[13:31:11] 16 tRNA-Val [761647,761722] 34 (tac)
[13:31:11] 17 tRNA-Lys [761725,761800] 34 (ttt)
[13:31:11] 18 tRNA-Val [761852,761927] 34 (tac)
[13:31:11] 19 tRNA-Lys [761931,762006] 34 (ttt)
[13:31:11] 20 tRNA-Lys [762153,762228] 34 (ttt)
[13:31:11] 21 tRNA-Lys [762361,762436] 34 (ttt)
[13:31:11] 22 tRNA-Ser c[942943,943030] 35 (gga)
[13:31:11] 23 tRNA-Ser c[1048716,1048803] 35 (tga)
[13:31:11] 24 tRNA-Ser c[1112133,1112220] 35 (gga)
[13:31:11] 25 tRNA-Tyr c[1287038,1287122] 35 (gta)
[13:31:11] 26 tRNA-Tyr c[1287332,1287416] 35 (gta)
[13:31:11] 27 tRNA-Val [1723702,1723778] 35 (gac)
[13:31:11] 28 tRNA-Val [1723783,1723859] 35 (gac)
[13:31:11] 29 tRNA-Leu c[1969809,1969895] 35 (taa)
[13:31:11] 30 tRNA-Cys c[1969908,1969981] 33 (gca)
[13:31:11] 31 tRNA-Gly c[1970035,1970110] 34 (gcc)
[13:31:11] 32 tRNA-Ser c[1981467,1981556] 35 (cga)
[13:31:11] 33 tRNA-Asn [1982548,1982623] 34 (gtt)
[13:31:11] 34 tRNA-Asn c[1996027,1996102] 34 (gtt)
[13:31:11] 35 tRNA-Asn [1997851,1997926] 34 (gtt)
[13:31:11] 36 tRNA-Asn [2000260,2000335] 34 (gtt)
[13:31:11] 37 tRNA-Pro [2237399,2237475] 35 (ggg)
[13:31:11] 38 tRNA-Arg [2410751,2410825] 34 (cct)
[13:31:11] 39 tRNA-Ala c[2450917,2450992] 34 (ggc)
[13:31:11] 40 tRNA-Ala c[2451032,2451107] 34 (ggc)
[13:31:11] 41 tRNA-Val [2453807,2453882] 34 (tac)
[13:31:11] 42 tRNA-Val [2453927,2454002] 34 (tac)
[13:31:11] 43 tRNA-Val [2454049,2454124] 34 (tac)
[13:31:11] 44 tRNA-Lys [2454129,2454204] 34 (ttt)
[13:31:11] 45 tRNA-Glu c[2650862,2650937] 35 (ttc)
[13:31:11] 46 tmRNA [2676888,2677250] 90,125 ANDENYALAA**
[13:31:11] 47 tRNA-Arg c[2712643,2712719] 35 (acg)
[13:31:11] 48 tRNA-Arg c[2712918,2712994] 35 (acg)
[13:31:11] 49 tRNA-Arg c[2713057,2713133] 35 (acg)
[13:31:11] 50 tRNA-Arg [2713317,2713388] 34 (tcg)
[13:31:11] 51 tRNA-Arg c[2713332,2713408] 35 (acg)
[13:31:11] 52 tRNA-Ser c[2713412,2713504] 35 (gct)
[13:31:11] 53 tRNA-Met [2842006,2842082] 35 (cat)
[13:31:11] 54 tRNA-Met [2842116,2842192] 35 (cat)
[13:31:11] 55 tRNA-Met [2842226,2842302] 35 (cat)
[13:31:11] 56 tRNA-Gly c[2884739,2884812] 33 (ccc)
[13:31:11] 57 tRNA-Phe [2996021,2996096] 34 (gaa)
[13:31:11] 58 tRNA-Met [3148415,3148490] 34 (cat)
[13:31:11] 59 tRNA-Met c[3253447,3253523] 35 (cat)
[13:31:11] 60 tRNA-Leu c[3257306,3257392] 35 (gag)
[13:31:11] 61 tRNA-Thr c[3351472,3351547] 34 (ggt)
[13:31:11] 62 tRNA-Ala c[3354863,3354938] 34 (tgc)
[13:31:11] 63 tRNA-Ile c[3354981,3355057] 35 (gat)
[13:31:11] 64 tRNA-Pro c[3639074,3639150] 35 (cgg)
[13:31:11] 65 tRNA-SeC [3775264,3775358] 35 (tca)
[13:31:11] 66 tRNA-Glu [3905242,3905317] 35 (ttc)
[13:31:11] 67 tRNA-Asp [3908672,3908748] 35 (gtc)
[13:31:11] 68 tRNA-Trp [3908757,3908832] 34 (cca)
[13:31:11] 69 tRNA-Arg [3944175,3944251] 35 (ccg)
[13:31:11] 70 tRNA-His [3944310,3944385] 34 (gtg)
[13:31:11] 71 tRNA-Leu [3944406,3944492] 35 (cag)
[13:31:11] 72 tRNA-Pro [3944535,3944611] 35 (tgg)
[13:31:11] 73 tRNA-Ile [4015514,4015590] 35 (gat)
[13:31:11] 74 tRNA-Ala [4015633,4015708] 34 (tgc)
[13:31:11] 75 tRNA-Glu [4148147,4148222] 35 (ttc)
[13:31:11] 76 tRNA-Thr [4154999,4155074] 34 (tgt)
[13:31:11] 77 tRNA-Tyr [4155083,4155167] 35 (gta)
[13:31:11] 78 tRNA-Gly [4155284,4155358] 34 (tcc)
[13:31:11] 79 tRNA-Thr [4155365,4155440] 34 (ggt)
[13:31:11] 80 tRNA-Glu [4189361,4189436] 35 (ttc)
[13:31:11] 81 tRNA-Phe c[4341272,4341347] 34 (gaa)
[13:31:11] 82 tRNA-Gly [4370515,4370590] 34 (gcc)
[13:31:11] 83 tRNA-Gly [4370627,4370702] 34 (gcc)
[13:31:11] 84 tRNA-Gly [4370738,4370813] 34 (gcc)
[13:31:11] 85 tRNA-Leu [4479633,4479717] 35 (caa)
[13:31:11] 86 tRNA-Leu c[4595313,4595399] 35 (cag)
[13:31:11] 87 tRNA-Leu c[4595434,4595520] 35 (cag)
[13:31:11] 88 tRNA-Leu c[4595549,4595635] 35 (cag)
[13:31:11] Found 88 tRNAs
[13:31:11] Predicting Ribosomal RNAs
[13:31:11] Running Barrnap with 2 threads
[13:31:14] 1 NC_012967.1 226612 16S ribosomal RNA
[13:31:14] 2 NC_012967.1 228590 23S ribosomal RNA
[13:31:14] 3 NC_012967.1 231684 5S ribosomal RNA
[13:31:14] 4 NC_012967.1 2647565 5S ribosomal RNA
[13:31:14] 5 NC_012967.1 2647773 23S ribosomal RNA
[13:31:14] 6 NC_012967.1 2651024 16S ribosomal RNA
[13:31:14] 7 NC_012967.1 3351320 5S ribosomal RNA
[13:31:14] 8 NC_012967.1 3351565 5S ribosomal RNA
[13:31:14] 9 NC_012967.1 3351773 23S ribosomal RNA
[13:31:14] 10 NC_012967.1 3355127 16S ribosomal RNA
[13:31:14] 11 NC_012967.1 3903618 16S ribosomal RNA
[13:31:14] 12 NC_012967.1 3905504 23S ribosomal RNA
[13:31:14] 13 NC_012967.1 3908504 5S ribosomal RNA
[13:31:14] 14 NC_012967.1 4013907 16S ribosomal RNA
[13:31:14] 15 NC_012967.1 4015894 23S ribosomal RNA
[13:31:14] 16 NC_012967.1 4018986 5S ribosomal RNA
[13:31:14] 17 NC_012967.1 4146523 16S ribosomal RNA
[13:31:14] 18 NC_012967.1 4148418 23S ribosomal RNA
[13:31:14] 19 NC_012967.1 4151420 5S ribosomal RNA
[13:31:14] 20 NC_012967.1 4187737 16S ribosomal RNA
[13:31:14] 21 NC_012967.1 4189623 23S ribosomal RNA
[13:31:14] 22 NC_012967.1 4192717 5S ribosomal RNA
[13:31:14] Found 22 rRNAs
[13:31:14] Skipping ncRNA search, enable with --rfam if desired.
[13:31:14] Total of 109 tRNA + rRNA features
[13:31:14] Searching for CRISPR repeats
[13:31:15] CRISPR1 NC_012967.1 2772561 with 5 spacers
[13:31:15] CRISPR2 NC_012967.1 2792513 with 14 spacers
[13:31:15] Found 2 CRISPRs
[13:31:15] Predicting coding sequences
[13:31:15] Contigs total 4629812 bp, so using single mode
[13:31:15] Running: prodigal -i K12_annotations\/PROKKA_03162021\.fna -c -m -g 11 -p single -f sco -q
[13:31:23] Excluding CDS which overlaps existing RNA (rRNA) at NC_012967.1:227796..228050 on + strand
[13:31:24] Excluding CDS which overlaps existing RNA (tRNA) at NC_012967.1:942515..943141 on + strand
[13:31:24] Excluding CDS which overlaps existing RNA (tRNA) at NC_012967.1:1111787..1112272 on + strand
[13:31:24] Excluding CDS which overlaps existing RNA (tRNA) at NC_012967.1:1286859..1287425 on + strand
[13:31:26] Excluding CDS which overlaps existing RNA (rRNA) at NC_012967.1:2651123..2651377 on - strand
[13:31:26] Excluding CDS which overlaps existing RNA (tRNA) at NC_012967.1:2712782..2713252 on + strand
[13:31:27] Excluding CDS which overlaps existing RNA (repeat_region) at NC_012967.1:2792509..2793357 on + strand
[13:31:27] Excluding CDS which overlaps existing RNA (tRNA) at NC_012967.1:3351395..3351667 on + strand
[13:31:27] Excluding CDS which overlaps existing RNA (rRNA) at NC_012967.1:3355226..3355480 on - strand
[13:31:28] Excluding CDS which overlaps existing RNA (rRNA) at NC_012967.1:3904802..3905056 on + strand
[13:31:28] Excluding CDS which overlaps existing RNA (rRNA) at NC_012967.1:4015091..4015345 on + strand
[13:31:28] Excluding CDS which overlaps existing RNA (rRNA) at NC_012967.1:4147707..4147961 on + strand
[13:31:28] Excluding CDS which overlaps existing RNA (rRNA) at NC_012967.1:4150152..4150271 on + strand
[13:31:28] Excluding CDS which overlaps existing RNA (rRNA) at NC_012967.1:4188921..4189175 on + strand
[13:31:28] Excluding CDS which overlaps existing RNA (rRNA) at NC_012967.1:4192563..4193138 on - strand
[13:31:29] Found 4306 CDS
[13:31:29] Connecting features back to sequences
[13:31:29] Not using genus-specific database. Try --usegenus to enable it.
[13:31:29] Preparing user-supplied primary BLAST annotation source: ecoli_k12_proteins.txt
[13:31:29] Guessed source was in fasta format.
[13:31:29] Running: makeblastdb -dbtype prot -in ecoli_k12_proteins\.txt -out K12_annotations\/proteins -logfile /dev/null
[13:31:29] Using /inference source as 'ecoli_k12_proteins.txt'
[13:31:29] Annotating CDS, please be patient.
[13:31:29] Will use 2 CPUs for similarity searching.
[13:31:30] There are still 4306 unannotated CDS left (started with 4306)
[13:31:30] Will use blast to search against K12_annotations/proteins with 2 CPUs
[13:31:30] Running: cat K12_annotations\/PROKKA_03162021\.proteins\.tmp\.48215\.faa | parallel --gnu --plain -j 2 --block 344758 --recstart '>' --pipe blastp -query - -db K12_annotations/proteins -evalue 1e-09 -qcov_hsp_perc 80 -num_threads 1 -num_descriptions 1 -num_alignments 1 -seg no > K12_annotations\/PROKKA_03162021\.proteins\.tmp\.48215\.blast 2> /dev/null
[13:32:01] Modify product: [gene=yceD] [locus_tag=b1088] [db_xref=UniProtKB/Swiss-Prot:P0AB28] [protein=DUF177 domain-containing protein YceD] [protein_id=AAC74172.1] [location=1146794..1147315][gbkey=CDS] => hypothetical protein
[13:32:01] Modify product: [gene=ycfL] [locus_tag=b1104] [db_xref=UniProtKB/Swiss-Prot:P75946] [protein=DUF1425 domain-containing protein YcfL] [protein_id=AAC74188.1] [location=1162247..1162624][gbkey=CDS] => hypothetical protein
[13:32:01] Modify product: [gene=ycfP] [locus_tag=b1108] [db_xref=UniProtKB/Swiss-Prot:P0A8E1] [protein=UPF0227 protein YcfP] [protein_id=AAC74192.2] [location=1165143..1165685][gbkey=CDS] => hypothetical protein
[13:32:01] Modify product: [gene=bhsA] [locus_tag=b1112] [db_xref=UniProtKB/Swiss-Prot:P0AB40] [protein=DUF1471 domain-containing multiple stress resistance outer membrane protein BhsA] [protein_id=AAC74196.1] [location=1169073..1169330][gbkey=CDS] => hypothetical protein
[13:32:01] Modify product: [gene=ycgX] [locus_tag=b1161] [db_xref=UniProtKB/Swiss-Prot:P75988] [protein=DUF1398 domain-containing protein YcgX] [protein_id=AAC74245.1] [location=complement(1212703..1213107)][gbkey=CDS] => hypothetical protein
[13:32:01] Modify product: [gene=yciU] [locus_tag=b1248] [db_xref=UniProtKB/Swiss-Prot:P0A8L7] [protein=DUF440 domain-containing protein YciU] [protein_id=AAC74330.2] [location=complement(1306821..1307150)][gbkey=CDS] => hypothetical protein
[13:32:01] Modify product: [gene=yciE] [locus_tag=b1257] [db_xref=UniProtKB/Swiss-Prot:P21363] [protein=DUF892 domain-containing protein YciE] [protein_id=AAC74339.1] [location=complement(1314718..1315224)][gbkey=CDS] => hypothetical protein
[13:32:01] Modify product: [gene=yciF] [locus_tag=b1258] [db_xref=UniProtKB/Swiss-Prot:P21362] [protein=DUF892 domain-containing protein YciF] [protein_id=AAC74340.1] [location=complement(1315270..1315770)][gbkey=CDS] => hypothetical protein
[13:32:01] Modify product: [gene=yciQ] [locus_tag=b1268] [db_xref=UniProtKB/Swiss-Prot:P45848] [protein=DUF2207 domain-containing protein YciQ] [protein_id=AAC74350.1] [location=1324746..1326641][gbkey=CDS] => hypothetical protein
[13:32:01] Modify product: [gene=yciQ] [locus_tag=b1268] [db_xref=UniProtKB/Swiss-Prot:P45848] [protein=DUF2207 domain-containing protein YciQ] [protein_id=AAC74350.1] [location=1324746..1326641][gbkey=CDS] => hypothetical protein
[13:32:01] Modify product: [gene=yciZ] [locus_tag=b4596] [db_xref=UniProtKB/Swiss-Prot:A5A614] [protein=UPF0509 protein YciZ] [protein_id=ABP93443.1] [location=complement(1344436..1344609)][gbkey=CDS] => hypothetical protein
[13:32:01] Modify product: [gene=ymjA] [locus_tag=b1295] [db_xref=UniProtKB/Swiss-Prot:P0ACV8] [protein=DUF2543 domain-containing protein YmjA] [protein_id=AAC74377.1] [location=complement(1357423..1357668)][gbkey=CDS] => hypothetical protein
[13:32:01] Modify product: [gene=ycjX] [locus_tag=b1321] [db_xref=UniProtKB/Swiss-Prot:P76046] [protein=DUF463 domain-containing protein YcjX] [protein_id=AAC74403.1] [location=1384117..1385514][gbkey=CDS] => hypothetical protein
[13:32:01] Modify product: [gene=ycjF] [locus_tag=b1322] [db_xref=UniProtKB/Swiss-Prot:P0A8R7] [protein=DUF697 domain-containing inner membrane protein YcjF] [protein_id=AAC74404.1][location=1385511..1386572] [gbkey=CDS] => hypothetical protein
[13:32:01] Modify product: [gene=ynaJ] [locus_tag=b1332] [db_xref=UniProtKB/Swiss-Prot:P64445] [protein=DUF2534 domain-containing protein YnaJ] [protein_id=AAC74414.1] [location=1397365..1397622][gbkey=CDS] => hypothetical protein
[13:32:01] Modify product: [gene=ydaF] [locus_tag=b4527] [db_xref=UniProtKB/Swiss-Prot:P0ACW0] [protein=Rac prophage;DUF1391 domain-containing protein YdaF] [protein_id=AAC74436.2][location=complement(1419156..1419311)] [gbkey=CDS] => hypothetical protein
[13:32:01] Modify product: [gene=ydbJ] [locus_tag=b4529] [db_xref=UniProtKB/Swiss-Prot:P0ACW2] [protein=DUF333 domain-containing protein YdbJ] [protein_id=ABD18661.1] [location=1441058..1441324][gbkey=CDS] => hypothetical protein
[13:32:01] Modify product: [gene=ydbL] [locus_tag=b1383] [db_xref=UniProtKB/Swiss-Prot:P76076] [protein=DUF1318 domain-containing protein YdbL] [protein_id=AAC74465.2] [location=1445880..1446206][gbkey=CDS] => hypothetical protein
[13:32:01] Modify product: [gene=ydbD] [locus_tag=b1407] [db_xref=UniProtKB/Swiss-Prot:P25907] [protein=DUF2773 domain-containing protein YdbD] [protein_id=AAC74489.2] [location=1475144..1477450][gbkey=CDS] => hypothetical protein
[13:32:01] Modify product: [gene=ydcF] [locus_tag=b1414] [db_xref=UniProtKB/Swiss-Prot:P34209] [protein=DUF218 domain-containing protein YdcF] [protein_id=AAC74496.1] [location=1487235..1488035][gbkey=CDS] => hypothetical protein
[13:32:01] Modify product: [gene=ydcJ] [locus_tag=b1423] [db_xref=UniProtKB/Swiss-Prot:P76097] [protein=DUF1338 domain-containing protein YdcJ] [protein_id=AAC74505.1] [location=1495288..1496631][gbkey=CDS] => hypothetical protein
[13:32:01] Modify product: [gene=ydcL] [locus_tag=b1431] [db_xref=UniProtKB/Swiss-Prot:P64451] [protein=DUF3313 domain-containing lipoprotein YdcL] [protein_id=AAC74513.1] [location=1502457..1503125][gbkey=CDS] => hypothetical protein
[13:32:01] Modify product: [gene=rlhA] [locus_tag=b1435] [db_xref=UniProtKB/Swiss-Prot:P76104] [protein=23S rRNA 5-hydroxycytidine C2501 synthase] [protein_id=AAC74517.2] [location=1506781..1508742][gbkey=CDS] => [gene=rlhA] [locus_tag=b1435] [db_xref=UniProtKB/Swiss-Prot:P76104] [protein=23S rRNA 5-hydroxycytidine synthase] [protein_id=AAC74517.2] [location=1506781..1508742][gbkey=CDS]
[13:32:01] Modify product: [gene=ydcY] [locus_tag=b1446] [db_xref=UniProtKB/Swiss-Prot:P64455] [protein=DUF2526 domain-containing protein YdcY] [protein_id=AAC74528.1] [location=1517648..1517881][gbkey=CDS] => hypothetical protein
[13:32:01] Modify product: [gene=yncH] [locus_tag=b1455] [db_xref=UniProtKB/Swiss-Prot:P76118] [protein=DUF5445 domain-containing protein YncH] [protein_id=AAC74537.1] [location=1526940..1527152][gbkey=CDS] => hypothetical protein
[13:32:01] Modify product: [gene=yneG] [locus_tag=b1523] [db_xref=UniProtKB/Swiss-Prot:P76148] [protein=DUF4186 domain-containing protein YneG] [protein_id=AAC74596.1] [location=complement(1611966..1612325)][gbkey=CDS] => hypothetical protein
[13:32:01] Modify product: [gene=rzpQ] [locus_tag=b1553] [db_xref=UniProtKB/Swiss-Prot:P76158] [protein=Qin prophage;DUF2514 domain-containing protein RzpQ] [protein_id=AAC74626.1][location=complement(1639030..1639527)] [gbkey=CDS] => hypothetical protein
[13:32:01] Modify product: [gene=quuD] [locus_tag=b0551] [db_xref=UniProtKB/Swiss-Prot:Q47274] [protein=DLP12 prophage;prophage antitermination protein Q homolog QuuD] [protein_id=AAC73652.1][location=573956..574339] [gbkey=CDS] => [gene=quuD] [locus_tag=b0551] [db_xref=UniProtKB/Swiss-Prot:Q47274] [protein=DLP12 prophage;prophage antitermination protein Q QuuD] [protein_id=AAC73652.1][location=573956..574339] [gbkey=CDS]
[13:32:01] Modify product: [gene=ydfA] [locus_tag=b1571] [db_xref=UniProtKB/Swiss-Prot:P0ACW8] [protein=Qin prophage;DUF1391 domain-containing protein YdfA] [protein_id=AAC74644.1][location=1648508..1648663] [gbkey=CDS] => hypothetical protein
[13:32:01] Modify product: [gene=ynfB] [locus_tag=b1583] [db_xref=UniProtKB/Swiss-Prot:P76170] [protein=DUF1283 domain-containing protein YnfB] [protein_id=AAC74655.1] [location=1655808..1656149][gbkey=CDS] => hypothetical protein
[13:32:01] Modify product: [gene=ynfC] [locus_tag=b1585] [db_xref=UniProtKB/Swiss-Prot:P67553] [protein=UPF0257 family lipoprotein YnfC] [protein_id=AAC74657.2] [location=complement(1656747..1657457)][gbkey=CDS] => hypothetical protein
[13:32:01] Modify product: [gene=ynfD] [locus_tag=b1586] [db_xref=UniProtKB/Swiss-Prot:P76172] [protein=DUF1161 domain-containing protein YnfD] [protein_id=AAC74658.2] [location=1657565..1657870][gbkey=CDS] => hypothetical protein
[13:32:01] Modify product: [gene=ydgH] [locus_tag=b1604] [db_xref=UniProtKB/Swiss-Prot:P76177] [protein=DUF1471 domain-containing protein YdgH] [protein_id=AAC74676.1] [location=1678427..1679371][gbkey=CDS] => hypothetical protein
[13:32:01] Modify product: [gene=ydgA] [locus_tag=b1614] [db_xref=UniProtKB/Swiss-Prot:P77804] [protein=DUF945 domain-containing protein YdgA] [protein_id=AAC74686.1] [location=1689852..1691360][gbkey=CDS] => hypothetical protein
[13:32:01] Modify product: [gene=ydgK] [locus_tag=b1626] [db_xref=UniProtKB/Swiss-Prot:P76180] [protein=DUF2569 domain-containing inner membrane protein YdgK] [protein_id=AAC74698.2][location=1705250..1705690] [gbkey=CDS] => hypothetical protein
[13:32:01] Modify product: [gene=ydhI] [locus_tag=b1643] [db_xref=UniProtKB/Swiss-Prot:P64471] [protein=DUF1656 domain-containing protein YdhI] [protein_id=AAC74715.1] [location=1721025..1721261][gbkey=CDS] => hypothetical protein
[13:32:01] Modify product: [gene=ydhL] [locus_tag=b1648] [db_xref=UniProtKB/Swiss-Prot:P64474] [protein=DUF1289 domain-containing protein YdhL] [protein_id=AAC74720.2] [location=complement(1725681..1725920)][gbkey=CDS] => hypothetical protein
[13:32:01] Modify product: [gene=ydiL] [locus_tag=b1689] [db_xref=UniProtKB/Swiss-Prot:P76196] [protein=DUF1870 domain-containing protein YdiL] [protein_id=AAC74759.2] [location=1770615..1770971][gbkey=CDS] => hypothetical protein
[13:32:01] Modify product: [gene=ydiU] [locus_tag=b1706] [db_xref=UniProtKB/Swiss-Prot:P77649] [protein=UPF0061 family protein YdiU] [protein_id=AAC74776.1] [location=complement(1789808..1791244)][gbkey=CDS] => hypothetical protein
[13:32:02] Modify product: [gene=ynjH] [locus_tag=b1760] [db_xref=UniProtKB/Swiss-Prot:P76227] [protein=DUF1496 domain-containing protein YnjH] [protein_id=AAC74830.1] [location=complement(1841863..1842135)][gbkey=CDS] => hypothetical protein
[13:32:02] Modify product: [gene=ynjI] [locus_tag=b1762] [db_xref=UniProtKB/Swiss-Prot:P76228] [protein=DUF1266 domain-containing protein YnjI] [protein_id=AAC74832.2] [location=complement(1843831..1844871)][gbkey=CDS] => hypothetical protein
[13:32:02] Modify product: [gene=yeaC] [locus_tag=b1777] [db_xref=UniProtKB/Swiss-Prot:P76231] [protein=DUF1315 domain-containing protein YeaC] [protein_id=AAC74847.2] [location=complement(1861702..1861974)][gbkey=CDS] => hypothetical protein
[13:32:02] Modify product: [gene=yeaH] [locus_tag=b1784] [db_xref=UniProtKB/Swiss-Prot:P76235] [protein=DUF444 domain-containing protein YeaH] [protein_id=AAC74854.1] [location=1868955..1870238][gbkey=CDS] => hypothetical protein
[13:32:02] Modify product: [gene=yeaL] [locus_tag=b1789] [db_xref=UniProtKB/Swiss-Prot:P0ACY6] [protein=DUF441 domain-containing inner membrane protein YeaL] [protein_id=AAC74859.1][location=1874352..1874798] [gbkey=CDS] => hypothetical protein
[13:32:02] Modify product: [gene=yeaO] [locus_tag=b1792] [db_xref=UniProtKB/Swiss-Prot:P76243] [protein=DUF488 domain-containing protein YeaO] [protein_id=AAC74862.2] [location=1876909..1877256][gbkey=CDS] => hypothetical protein
[13:32:02] Modify product: [gene=yoaF] [locus_tag=b1793] [db_xref=UniProtKB/Swiss-Prot:P64493] [protein=DUF333 domain-containing lipoprotein YoaF] [protein_id=AAC74863.1] [location=complement(1877278..1877532)][gbkey=CDS] => hypothetical protein
[13:32:02] Modify product: [gene=yoaG] [locus_tag=b1796] [db_xref=UniProtKB/Swiss-Prot:P64496] [protein=DUF1869 domain-containing protein YoaG] [protein_id=AAC74866.1] [location=complement(1879403..1879585)][gbkey=CDS] => hypothetical protein
[13:32:02] Modify product: [gene=yeaR] [locus_tag=b1797] [db_xref=UniProtKB/Swiss-Prot:P64488] [protein=DUF1971 domain-containing protein YeaR] [protein_id=AAC74867.1] [location=complement(1879589..1879948)][gbkey=CDS] => hypothetical protein
[13:32:02] Modify product: [gene=yoaC] [locus_tag=b1810] [db_xref=UniProtKB/Swiss-Prot:P64490] [protein=DUF1889 domain-containing protein YoaC] [protein_id=AAC74880.2] [location=1894133..1894432][gbkey=CDS] => hypothetical protein
[13:32:02] Modify product: [gene=yobD] [locus_tag=b1820] [db_xref=UniProtKB/Swiss-Prot:P67601] [protein=DUF986 domain-containing inner membrane protein YobD] [protein_id=AAC74890.1][location=1904801..1905259] [gbkey=CDS] => hypothetical protein
[13:32:02] Modify product: [gene=yebV] [locus_tag=b1836] [db_xref=UniProtKB/Swiss-Prot:P64503] [protein=DUF1480 domain-containing protein YebV] [protein_id=AAC74906.2] [location=1921780..1922016][gbkey=CDS] => hypothetical protein
[13:32:02] Modify product: [gene=yebY] [locus_tag=b1839] [db_xref=UniProtKB/Swiss-Prot:P64506] [protein=DUF2511 domain-containing protein YebY] [protein_id=AAC74909.1] [location=complement(1923365..1923706)][gbkey=CDS] => hypothetical protein
[13:32:02] Modify product: [gene=yebE] [locus_tag=b1846] [db_xref=UniProtKB/Swiss-Prot:P33218] [protein=DUF533 domain-containing inner membrane protein YebE] [protein_id=AAC74916.1][location=complement(1929048..1929707)] [gbkey=CDS] => hypothetical protein
[13:32:02] Modify product: [gene=yecE] [locus_tag=b1868] [db_xref=UniProtKB/Swiss-Prot:P37348] [protein=DUF72 domain-containing protein YecE] [protein_id=AAC74938.1] [location=1951395..1952213][gbkey=CDS] => hypothetical protein
[13:32:02] Modify product: [gene=yecJ] [locus_tag=b4537] [db_xref=UniProtKB/Swiss-Prot:P0AD10] [protein=DUF2766 domain-containing protein YecJ] [protein_id=AAC74973.2] [location=complement(1987507..1987758)][gbkey=CDS] => hypothetical protein
[13:32:02] Modify product: [gene=yecH] [locus_tag=b1906] [db_xref=UniProtKB/Swiss-Prot:P46887] [protein=DUF2492 domain-containing protein YecH] [protein_id=AAC74976.1] [location=complement(1989251..1989490)][gbkey=CDS] => hypothetical protein
[13:32:02] Modify product: [gene=yecA] [locus_tag=b1908] [db_xref=UniProtKB/Swiss-Prot:P0AD05] [protein=UPF0149 family protein YecA] [protein_id=AAC74978.1] [location=complement(1990954..1991619)][gbkey=CDS] => hypothetical protein
[13:32:02] Modify product: [gene=yeeX] [locus_tag=b2007] [db_xref=UniProtKB/Swiss-Prot:P0A8M6] [protein=DUF496 domain-containing protein YeeX] [protein_id=AAC75068.2] [location=complement(2079032..2079361)][gbkey=CDS] => hypothetical protein
[13:32:02] Modify product: [gene=yegP] [locus_tag=b2080] [db_xref=UniProtKB/Swiss-Prot:P76402] [protein=DUF1508 domain-containing protein YegP] [protein_id=AAC75141.2] [location=2165189..2165521][gbkey=CDS] => hypothetical protein
[13:32:02] Modify product: [gene=gatR] [locus_tag=b4498] [db_xref=ASAP:ABE-0285099,ECOCYC:EG12162] [protein=DNA-binding transcriptional repressor GatR, N-terminal fragment] [pseudo=true][location=complement(join(2169693..2170167,2171429..2171727))][gbkey=CDS] => hypothetical protein
[13:32:02] Modify product: [gene=yehI] [locus_tag=b2118] [db_xref=UniProtKB/Swiss-Prot:P33346] [protein=DUF4132 domain-containing protein YehI] [protein_id=AAC75179.1] [location=2200279..2203911][gbkey=CDS] => hypothetical protein
[13:32:02] Modify product: [gene=yehI] [locus_tag=b2118] [db_xref=UniProtKB/Swiss-Prot:P33346] [protein=DUF4132 domain-containing protein YehI] [protein_id=AAC75179.1] [location=2200279..2203911][gbkey=CDS] => hypothetical protein
[13:32:02] Modify product: [gene=yehR] [locus_tag=b2123] [db_xref=UniProtKB/Swiss-Prot:P33354] [protein=DUF1307 domain-containing lipoprotein YehR] [protein_id=AAC75184.2] [location=2211225..2211686][gbkey=CDS] => hypothetical protein
[13:32:02] Modify product: [gene=yehS] [locus_tag=b2124] [db_xref=UniProtKB/Swiss-Prot:P33355] [protein=DUF1456 domain-containing protein YehS] [protein_id=AAC75185.1] [location=complement(2211726..2212196)][gbkey=CDS] => hypothetical protein
[13:32:02] Modify product: [gene=yohO] [locus_tag=b4542] [db_xref=UniProtKB/Swiss-Prot:Q2EES6] [protein=UPF0387 family protein YohO] [protein_id=ABD18688.1] [location=2215657..2215764][gbkey=CDS] => hypothetical protein
[13:32:02] Modify product: [gene=sanA] [locus_tag=b2144] [db_xref=UniProtKB/Swiss-Prot:P0AFY2] [protein=DUF218 domain-containing protein SanA] [protein_id=AAC75205.1] [location=2232878..2233597][gbkey=CDS] => hypothetical protein
[13:32:02] Modify product: [gene=yeiS] [locus_tag=b2145] [db_xref=UniProtKB/Swiss-Prot:P64536] [protein=DUF2542 domain-containing protein YeiS] [protein_id=AAC75206.1] [location=2233600..2233839][gbkey=CDS] => hypothetical protein
[13:32:02] Modify product: [gene=yeiB] [locus_tag=b2152] [db_xref=UniProtKB/Swiss-Prot:P25747] [protein=DUF418 domain-containing protein YeiB] [protein_id=AAC75213.1] [location=complement(2241810..2242967)][gbkey=CDS] => hypothetical protein
[13:32:02] Modify product: [gene=yejL] [locus_tag=b2187] [db_xref=UniProtKB/Swiss-Prot:P0AD24] [protein=DUF1414 domain-containing protein YejL] [protein_id=AAC75248.1] [location=2284129..2284356][gbkey=CDS] => hypothetical protein
[13:32:02] Modify product: [gene=yfaP] [locus_tag=b2225] [db_xref=UniProtKB/Swiss-Prot:P76462] [protein=DUF2135 domain-containing protein YfaP] [protein_id=AAC75285.1] [location=complement(2327367..2328143)][gbkey=CDS] => hypothetical protein
[13:32:02] Modify product: [gene=yfaQ] [locus_tag=b2226] [db_xref=UniProtKB/Swiss-Prot:P76463] [protein=tandem DUF2300 domain-containing protein YfaQ] [protein_id=AAC75286.1][location=complement(2328148..2329797)] [gbkey=CDS] => hypothetical protein
[13:32:02] Modify product: [gene=yfaT] [locus_tag=b2229] [db_xref=UniProtKB/Swiss-Prot:P76466] [protein=DUF1175 domain-containing protein YfaT] [protein_id=AAC75289.2] [location=complement(2334336..2334959)][gbkey=CDS] => hypothetical protein
[13:32:02] Modify product: [gene=yfaA] [locus_tag=b2230] [db_xref=UniProtKB/Swiss-Prot:P17994] [protein=DUF2138 domain-containing protein YfaA] [protein_id=AAC75290.2] [location=complement(2334956..2336644)][gbkey=CDS] => hypothetical protein
[13:32:02] Modify product: [gene=yaaX] [locus_tag=b0005] [db_xref=UniProtKB/Swiss-Prot:P75616] [protein=DUF2502 domain-containing protein YaaX] [protein_id=AAC73116.1] [location=5234..5530][gbkey=CDS] => hypothetical protein
[13:32:02] Modify product: [gene=yaaI] [locus_tag=b0013] [db_xref=UniProtKB/Swiss-Prot:P28696] [protein=DUF2541 domain-containing protein YaaI] [protein_id=AAC73124.1] [location=complement(11382..11786)][gbkey=CDS] => hypothetical protein
[13:32:02] Modify product: [gene=apaG] [locus_tag=b0050] [db_xref=UniProtKB/Swiss-Prot:P62672] [protein=DUF525 domain-containing protein ApaG] [protein_id=AAC73161.1] [location=complement(51229..51606)][gbkey=CDS] => hypothetical protein
[13:32:02] Modify product: [gene=ppdD] [locus_tag=b0108] [db_xref=UniProtKB/Swiss-Prot:P36647] [protein=prepilin-type N-terminal cleavage/methylation domain-containing protein PpdD] [protein_id=AAC73219.1] [location=complement(117109..117549)][gbkey=CDS] => hypothetical protein
[13:32:02] Modify product: [gene=yacH] [locus_tag=b0117] [db_xref=UniProtKB/Swiss-Prot:P36682] [protein=DUF3300 domain-containing protein YacH] [protein_id=AAC73228.1] [location=complement(129407..131260)][gbkey=CDS] => hypothetical protein
[13:32:02] Modify product: [gene=yacL] [locus_tag=b0119] [db_xref=UniProtKB/Swiss-Prot:P0A8E5] [protein=UPF0231 family protein YacL] [protein_id=AAC73230.2] [location=134388..134750][gbkey=CDS] => hypothetical protein
[13:32:03] Modify product: [gene=yaeH] [locus_tag=b0163] [db_xref=UniProtKB/Swiss-Prot:P62768] [protein=DUF3461 domain-containing protein YaeH] [protein_id=AAC73274.1] [location=complement(183709..184095)][gbkey=CDS] => hypothetical protein
[13:32:03] Modify product: [gene=yaeP] [locus_tag=b4406] [db_xref=UniProtKB/Swiss-Prot:P0A8K5] [protein=UPF0253 family protein YaeP] [protein_id=AAT48124.1] [location=complement(213925..214125)][gbkey=CDS] => hypothetical protein
[13:32:03] Modify product: [gene=ykgG] [locus_tag=b0308] [db_xref=UniProtKB/Swiss-Prot:P77433] [protein=DUF162 domain-containing lactate utilization protein YkgG] [protein_id=AAC73411.2][location=323758..324453] [gbkey=CDS] => hypothetical protein
[13:32:03] Modify product: [gene=yahE] [locus_tag=b0319] [db_xref=UniProtKB/Swiss-Prot:P77297] [protein=DUF2877 domain-containing protein YahE] [protein_id=AAC73422.1] [location=335925..336788][gbkey=CDS] => hypothetical protein
[13:32:03] Modify product: [gene=yahG] [locus_tag=b0321] [db_xref=UniProtKB/Swiss-Prot:P77221] [protein=DUF1116 domain-containing protein YahG] [protein_id=AAC73424.1] [location=338325..339743][gbkey=CDS] => hypothetical protein
[13:32:03] Modify product: [gene=yahO] [locus_tag=b0329] [db_xref=UniProtKB/Swiss-Prot:P75694] [protein=DUF1471 domain-containing protein YahO] [protein_id=AAC73432.1] [location=346484..346759][gbkey=CDS] => hypothetical protein
[13:32:03] Modify product: [gene=yaiL] [locus_tag=b0354] [db_xref=UniProtKB/Swiss-Prot:P51024] [protein=DUF2058 domain-containing protein YaiL] [protein_id=AAC73457.2] [location=376772..377311][gbkey=CDS] => hypothetical protein
[13:32:03] Modify product: [gene=yaiY] [locus_tag=b0379] [db_xref=UniProtKB/Swiss-Prot:P0AAP7] [protein=DUF2755 domain-containing inner membrane protein YaiY] [protein_id=AAC73482.1][location=complement(399025..399333)] [gbkey=CDS] => hypothetical protein
[13:32:03] Modify product: [gene=yaiZ] [locus_tag=b0380] [db_xref=UniProtKB/Swiss-Prot:P0AAQ0] [protein=DUF2754 domain-containing protein YaiZ] [protein_id=AAC73483.2] [location=399593..399805][gbkey=CDS] => hypothetical protein
[13:32:03] Modify product: [gene=yaiI] [locus_tag=b0387] [db_xref=UniProtKB/Swiss-Prot:P0A8D3] [protein=DUF188 domain-containing protein YaiI] [protein_id=AAC73490.2] [location=405764..406222][gbkey=CDS] => hypothetical protein
[13:32:03] Modify product: [gene=ybaA] [locus_tag=b0456] [db_xref=UniProtKB/Swiss-Prot:P0AAQ6] [protein=DUF1428 domain-containing protein YbaA] [protein_id=AAC73558.1] [location=476672..477025][gbkey=CDS] => hypothetical protein
[13:32:03] Modify product: [gene=ybaM] [locus_tag=b0466] [db_xref=UniProtKB/Swiss-Prot:P45807] [protein=DUF2496 domain-containing protein YbaM] [protein_id=AAC73568.1] [location=complement(490110..490271)][gbkey=CDS] => hypothetical protein
[13:32:03] Modify product: [gene=ybaN] [locus_tag=b0468] [db_xref=UniProtKB/Swiss-Prot:P0AAR5] [protein=DUF454 domain-containing inner membrane protein YbaN] [protein_id=AAC73570.1][location=490882..491259] [gbkey=CDS] => hypothetical protein
[13:32:03] Modify product: [gene=ylbE] [locus_tag=b4572] [db_xref=UniProtKB/Swiss-Prot:P77129] [protein=DUF1116 domain-containing protein YlbE] [protein_id=ABD18638.2] [location=548357..549616][gbkey=CDS] => hypothetical protein
[13:32:03] Modify product: [gene=ylbF] [locus_tag=b0520] [db_xref=UniProtKB/Swiss-Prot:P0AAS5] [protein=DUF2877 domain-containing protein YlbF] [protein_id=AAC73622.1] [location=549627..550442][gbkey=CDS] => hypothetical protein
[13:32:03] Modify product: [gene=quuD] [locus_tag=b0551] [db_xref=UniProtKB/Swiss-Prot:Q47274] [protein=DLP12 prophage;prophage antitermination protein Q homolog QuuD] [protein_id=AAC73652.1][location=573956..574339] [gbkey=CDS] => [gene=quuD] [locus_tag=b0551] [db_xref=UniProtKB/Swiss-Prot:Q47274] [protein=DLP12 prophage;prophage antitermination protein Q QuuD] [protein_id=AAC73652.1][location=573956..574339] [gbkey=CDS]
[13:32:03] Modify product: [gene=ybcH] [locus_tag=b0567] [db_xref=UniProtKB/Swiss-Prot:P37325] [protein=DUF4434 domain-containing protein YbcH] [protein_id=AAC73668.1] [location=complement(587091..587981)][gbkey=CDS] => hypothetical protein
[13:32:03] Modify product: [gene=ybdJ] [locus_tag=b0580] [db_xref=UniProtKB/Swiss-Prot:P77506] [protein=DUF1158 domain-containing protein YbdJ] [protein_id=AAC73681.1] [location=complement(605951..606199)][gbkey=CDS] => hypothetical protein
[13:32:03] Modify product: [gene=insK] [locus_tag=b3558] [db_xref=UniProtKB/Swiss-Prot:P19769] [protein=IS150 conserved protein InsB] [protein_id=AAC76582.1] [location=3721198..3722049][gbkey=CDS] => hypothetical protein
[13:32:03] Modify product: [gene=ybdN] [locus_tag=b0602] [db_xref=UniProtKB/Swiss-Prot:P77216] [protein=putative PAPS reductase/DUF3440 domain-containing protein YbdN] [protein_id=AAC73703.1][location=complement(635349..636569)] [gbkey=CDS] => hypothetical protein
[13:32:03] Modify product: [gene=ybeD] [locus_tag=b0631] [db_xref=UniProtKB/Swiss-Prot:P0A8J4] [protein=DUF493 domain-containing protein YbeD] [protein_id=AAC73732.1] [location=complement(662379..662642)][gbkey=CDS] => hypothetical protein
[13:32:03] Modify product: [gene=ybeL] [locus_tag=b0643] [db_xref=UniProtKB/Swiss-Prot:P0AAT9] [protein=DUF1451 domain-containing protein YbeL] [protein_id=AAC73744.1] [location=675018..675500][gbkey=CDS] => hypothetical protein
[13:32:03] Modify product: [gene=ybeR] [locus_tag=b0645] [db_xref=UniProtKB/Swiss-Prot:P77627] [protein=DUF1266 domain-containing protein YbeR] [protein_id=AAC73746.1] [location=676711..677418][gbkey=CDS] => hypothetical protein
[13:32:03] Modify product: [gene=insK] [locus_tag=b3558] [db_xref=UniProtKB/Swiss-Prot:P19769] [protein=IS150 conserved protein InsB] [protein_id=AAC76582.1] [location=3721198..3722049][gbkey=CDS] => hypothetical protein
[13:32:03] Modify product: [gene=ybfA] [locus_tag=b0699] [db_xref=UniProtKB/Swiss-Prot:P0AAU2] [protein=DUF2517 domain-containing protein YbfA] [protein_id=AAC73793.1] [location=729134..729340][gbkey=CDS] => hypothetical protein
[13:32:03] Modify product: [gene=ybgA] [locus_tag=b0707] [db_xref=UniProtKB/Swiss-Prot:P24252] [protein=DUF1722 domain-containing protein YbgA] [protein_id=AAC73801.1] [location=739001..739510][gbkey=CDS] => hypothetical protein
[13:32:04] Modify product: [gene=ybiJ] [locus_tag=b0802] [db_xref=UniProtKB/Swiss-Prot:P0AAX3] [protein=DUF1471 domain-containing protein YbiJ] [protein_id=AAC73889.1] [location=complement(837665..837925)][gbkey=CDS] => hypothetical protein
[13:32:04] Modify product: [gene=mcbA] [locus_tag=b0806] [db_xref=UniProtKB/Swiss-Prot:P0AAX6] [protein=DUF1471 domain-containing protein McbA] [protein_id=AAC73893.2] [location=complement(841796..842056)][gbkey=CDS] => hypothetical protein
[13:32:04] Modify product: [gene=ybiU] [locus_tag=b0821] [db_xref=UniProtKB/Swiss-Prot:P75791] [protein=DUF1479 domain-containing protein YbiU] [protein_id=AAC73908.1] [location=complement(857796..859061)][gbkey=CDS] => hypothetical protein
[13:32:04] Modify product: [gene=ybjC] [locus_tag=b0850] [db_xref=UniProtKB/Swiss-Prot:P46119] [protein=DUF1418 domain-containing protein YbjC] [protein_id=AAC73937.1] [location=890913..891200][gbkey=CDS] => hypothetical protein
[13:32:04] Modify product: [gene=ybjP] [locus_tag=b0865] [db_xref=UniProtKB/Swiss-Prot:P75818] [protein=DUF3828 domain-containing lipoprotein YbjP] [protein_id=AAC73952.1] [location=complement(903952..904467)][gbkey=CDS] => hypothetical protein
[13:32:04] Modify product: [gene=ybjD] [locus_tag=b0876] [db_xref=UniProtKB/Swiss-Prot:P75828] [protein=DUF2813 domain-containing protein YbjD] [protein_id=AAC73963.1] [location=916473..918131][gbkey=CDS] => hypothetical protein
[13:32:04] Modify product: [gene=ybjX] [locus_tag=b0877] [db_xref=UniProtKB/Swiss-Prot:P75829] [protein=DUF535 domain-containing protein YbjX] [protein_id=AAC73964.1] [location=complement(918128..919120)][gbkey=CDS] => hypothetical protein
[13:32:04] Modify product: [gene=ycaP] [locus_tag=b0906] [db_xref=UniProtKB/Swiss-Prot:P75839] [protein=DUF421 domain-containing protein YcaP] [protein_id=AAC73992.1] [location=956762..957454][gbkey=CDS] => hypothetical protein
[13:32:04] Modify product: [gene=ycaR] [locus_tag=b0917] [db_xref=UniProtKB/Swiss-Prot:P0AAZ7] [protein=UPF0434 family protein YcaR] [protein_id=AAC74003.1] [location=970673..970855][gbkey=CDS] => hypothetical protein
[13:32:04] Modify product: [gene=yccT] [locus_tag=b0964] [db_xref=UniProtKB/Swiss-Prot:P0A8X4] [protein=DUF2057 domain-containing protein YccT] [protein_id=AAC74050.1] [location=complement(1027111..1027773)][gbkey=CDS] => hypothetical protein
[13:32:04] Modify product: [gene=yceK] [locus_tag=b1050] [db_xref=UniProtKB/Swiss-Prot:P0AB31] [protein=DUF1375 domain-containing lipoprotein YceK] [protein_id=AAC74134.1] [location=1113579..1113806][gbkey=CDS] => hypothetical protein
[13:32:04] Modify product: [gene=yceO] [locus_tag=b1058] [db_xref=UniProtKB/Swiss-Prot:P64442] [protein=DUF2770 domain-containing protein YceO] [protein_id=AAC74142.1] [location=complement(1119307..1119447)][gbkey=CDS] => hypothetical protein
[13:32:04] Modify product: [gene=yceH] [locus_tag=b1067] [db_xref=UniProtKB/Swiss-Prot:P29217] [protein=DUF480 domain-containing protein YceH] [protein_id=AAC74151.1] [location=1126157..1126804][gbkey=CDS] => hypothetical protein
[13:32:04] Modify product: [gene=yfbM] [locus_tag=b2272] [db_xref=UniProtKB/Swiss-Prot:P76483] [protein=DUF1877 domain-containing protein YfbM] [protein_id=AAC75332.1] [location=2386934..2387437][gbkey=CDS] => hypothetical protein
[13:32:04] Modify product: [gene=insK] [locus_tag=b3558] [db_xref=UniProtKB/Swiss-Prot:P19769] [protein=IS150 conserved protein InsB] [protein_id=AAC76582.1] [location=3721198..3722049][gbkey=CDS] => hypothetical protein
[13:32:04] Modify product: [gene=yfbU] [locus_tag=b2294] [db_xref=UniProtKB/Swiss-Prot:P0A8W8] [protein=UPF0304 family protein YfbU] [protein_id=AAC75354.2] [location=complement(2412100..2412594)][gbkey=CDS] => hypothetical protein
[13:32:04] Modify product: [gene=yfbV] [locus_tag=b2295] [db_xref=UniProtKB/Swiss-Prot:P0A8D9] [protein=UPF0208 membrane protein YfbV] [protein_id=AAC75355.1] [location=complement(2412677..2413132)][gbkey=CDS] => hypothetical protein
[13:32:04] Modify product: [gene=yfcO] [locus_tag=b2332] [db_xref=UniProtKB/Swiss-Prot:P76498] [protein=DUF2544 domain-containing protein YfcO] [protein_id=AAC75392.2] [location=complement(2449228..2450049)][gbkey=CDS] => hypothetical protein
[13:32:04] Modify product: [gene=yfcZ] [locus_tag=b2343] [db_xref=UniProtKB/Swiss-Prot:P0AD33] [protein=DUF406 domain-containing protein YfcZ] [protein_id=AAC75403.2] [location=complement(2460650..2460934)][gbkey=CDS] => hypothetical protein
[13:32:04] Modify product: [gene=yfdY] [locus_tag=b2377] [db_xref=UniProtKB/Swiss-Prot:P76521] [protein=DUF2545 domain-containing protein YfdY] [protein_id=AAC75436.1] [location=complement(2495050..2495292)][gbkey=CDS] => hypothetical protein
[13:32:04] Modify product: [gene=ypeC] [locus_tag=b2390] [db_xref=UniProtKB/Swiss-Prot:P64542] [protein=DUF2502 domain-containing protein YpeC] [protein_id=AAC75449.1] [location=2511001..2511327][gbkey=CDS] => hypothetical protein
[13:32:04] Modify product: [gene=yfeK] [locus_tag=b2419] [db_xref=UniProtKB/Swiss-Prot:Q47702] [protein=DUF5329 domain-containing protein YfeK] [protein_id=AAC75472.1] [location=2537342..2537716][gbkey=CDS] => hypothetical protein
[13:32:04] Modify product: [gene=yfeY] [locus_tag=b2432] [db_xref=UniProtKB/Swiss-Prot:P76537] [protein=DUF1131 domain-containing lipoprotein YfeY] [protein_id=AAC75485.1] [location=complement(2550641..2551216)][gbkey=CDS] => hypothetical protein
[13:32:04] Modify product: [gene=ypfG] [locus_tag=b2466] [db_xref=UniProtKB/Swiss-Prot:P76559] [protein=DUF1176 domain-containing protein YpfG] [protein_id=AAC75519.1] [location=complement(2581734..2582777)][gbkey=CDS] => hypothetical protein
[13:32:04] Modify product: [gene=ypfN] [locus_tag=b4547] [db_xref=UniProtKB/Swiss-Prot:Q2EET2] [protein=UPF0370 protein YpfN] [protein_id=ABD18697.1] [location=2592762..2592962][gbkey=CDS] => hypothetical protein
[13:32:04] Modify product: [gene=yphG] [locus_tag=b2549] [db_xref=UniProtKB/Swiss-Prot:P76585] [protein=DUF5107 domain-containing protein YphG] [protein_id=AAC75602.2] [location=complement(2679464..2682745)][gbkey=CDS] => hypothetical protein
[13:32:04] Modify product: [gene=yfiL] [locus_tag=b2602] [db_xref=UniProtKB/Swiss-Prot:P11289] [protein=DUF2799 domain-containing lipoprotein YfiL] [protein_id=AAC75651.2] [location=2741360..2741725][gbkey=CDS] => hypothetical protein
[13:32:04] Modify product: [gene=yfiR] [locus_tag=b2603] [db_xref=UniProtKB/Swiss-Prot:P64548] [protein=DUF4154 domain-containing protein YfiR] [protein_id=AAC75652.1] [location=2741875..2742393][gbkey=CDS] => hypothetical protein
[13:32:04] Modify product: [gene=yfjD] [locus_tag=b4461] [db_xref=UniProtKB/Swiss-Prot:P37908] [protein=UPF0053 family inner membrane protein YfjD] [protein_id=AAT48144.3] [location=2748774..2750060][gbkey=CDS] => hypothetical protein
[13:32:04] Modify product: [gene=ygaC] [locus_tag=b2671] [db_xref=UniProtKB/Swiss-Prot:P0AD53] [protein=DUF2002 domain-containing protein YgaC] [protein_id=AAC75718.1] [location=complement(2799650..2799994)][gbkey=CDS] => hypothetical protein
[13:32:04] Modify product: [gene=ygaM] [locus_tag=b2672] [db_xref=UniProtKB/Swiss-Prot:P0ADQ7] [protein=DUF883 domain-containing protein YgaM] [protein_id=AAC75719.2] [location=2800146..2800475][gbkey=CDS] => hypothetical protein
[13:32:05] Modify product: [gene=ygbE] [locus_tag=b2749] [db_xref=UniProtKB/Swiss-Prot:P46141] [protein=DUF3561 domain-containing inner membrane protein YgbE] [protein_id=AAC75791.1][location=complement(2873014..2873337)] [gbkey=CDS] => hypothetical protein
[13:32:05] Modify product: [gene=insK] [locus_tag=b3558] [db_xref=UniProtKB/Swiss-Prot:P19769] [protein=IS150 conserved protein InsB] [protein_id=AAC76582.1] [location=3721198..3722049][gbkey=CDS] => hypothetical protein
[13:32:05] Modify product: [gene=yqcC] [locus_tag=b2792] [db_xref=UniProtKB/Swiss-Prot:Q46919] [protein=DUF446 domain-containing protein YqcC] [protein_id=AAC75834.1] [location=complement(2923784..2924113)][gbkey=CDS] => hypothetical protein
[13:32:05] Modify product: [gene=rlmM] [locus_tag=b2806] [db_xref=UniProtKB/Swiss-Prot:P0ADR6] [protein=23S rRNA 2'-O-ribose C2498 methyltransferase] [protein_id=AAC75848.1][location=complement(2940143..2941243)] [gbkey=CDS] => [gene=rlmM] [locus_tag=b2806] [db_xref=UniProtKB/Swiss-Prot:P0ADR6] [protein=23S rRNA 2'-O-ribose methyltransferase] [protein_id=AAC75848.1][location=complement(2940143..2941243)] [gbkey=CDS]
[13:32:05] Modify product: [gene=ygdD] [locus_tag=b2807] [db_xref=UniProtKB/Swiss-Prot:P0ADR2] [protein=DUF423 domain-containing inner membrane protein YgdD] [protein_id=AAC75849.1][location=complement(2941236..2941631)] [gbkey=CDS] => hypothetical protein
[13:32:05] Modify product: [gene=ygdI] [locus_tag=b2809] [db_xref=UniProtKB/Swiss-Prot:P65292] [protein=DUF903 domain-containing lipoprotein YgdI] [protein_id=AAC75851.2] [location=complement(2942918..2943145)][gbkey=CDS] => hypothetical protein
[13:32:05] Modify product: [gene=ppdC] [locus_tag=b2823] [db_xref=UniProtKB/Swiss-Prot:P08372] [protein=prepilin-type N-terminal cleavage/methylation domain-containing protein PpdC] [protein_id=AAC75862.1] [location=complement(2962441..2962764)][gbkey=CDS] => hypothetical protein
[13:32:05] Modify product: [gene=ygdB] [locus_tag=b2824] [db_xref=UniProtKB/Swiss-Prot:P08370] [protein=DUF2509 domain-containing protein YgdB] [protein_id=AAC75863.2] [location=complement(2962749..2963156)][gbkey=CDS] => hypothetical protein
[13:32:05] Modify product: [gene=ppdB] [locus_tag=b2825] [db_xref=UniProtKB/Swiss-Prot:P08371] [protein=prepilin-type N-terminal cleavage/methylation domain-containing protein PpdB] [protein_id=AAC75864.1] [location=complement(2963153..2963716)][gbkey=CDS] => hypothetical protein
[13:32:05] Modify product: [gene=ppdA] [locus_tag=b2826] [db_xref=UniProtKB/Swiss-Prot:P33554] [protein=prepilin-type N-terminal cleavage/methylation domain-containing protein PpdA] [protein_id=AAC75865.1] [location=complement(2963707..2964177)][gbkey=CDS] => hypothetical protein
[13:32:05] Modify product: [gene=ygdQ] [locus_tag=b2832] [db_xref=UniProtKB/Swiss-Prot:P67127] [protein=UPF0053 inner membrane protein YgdQ] [protein_id=AAC75871.1] [location=2970420..2971133][gbkey=CDS] => hypothetical protein
[13:32:05] Modify product: [gene=ygdR] [locus_tag=b2833] [db_xref=UniProtKB/Swiss-Prot:P65294] [protein=DUF903 domain-containing lipoprotein YgdR] [protein_id=AAC75872.1] [location=2971271..2971489][gbkey=CDS] => hypothetical protein
[13:32:05] Modify product: [gene=ygfB] [locus_tag=b2909] [db_xref=UniProtKB/Swiss-Prot:P0A8C4] [protein=UPF0149 family protein YgfB] [protein_id=AAC75947.2] [location=complement(3054866..3055444)][gbkey=CDS] => hypothetical protein
[13:32:05] Modify product: [gene=yggE] [locus_tag=b2922] [db_xref=UniProtKB/Swiss-Prot:P0ADS6] [protein=DUF541 domain-containing protein YggE] [protein_id=AAC75959.1] [location=complement(3067340..3068080)][gbkey=CDS] => hypothetical protein
[13:32:05] Modify product: [gene=yqgD] [locus_tag=b2941] [db_xref=UniProtKB/Swiss-Prot:P46879] [protein=DUF2684 domain-containing protein YqgD] [protein_id=AYC08242.1] [location=complement(3086399..3086650)][gbkey=CDS] => hypothetical protein
[13:32:05] Modify product: [gene=yqgE] [locus_tag=b2948] [db_xref=UniProtKB/Swiss-Prot:P0A8W5] [protein=DUF179 domain-containing protein YqgE] [protein_id=AAC75985.2] [location=3092937..3093500][gbkey=CDS] => hypothetical protein
[13:32:05] Modify product: [gene=yggU] [locus_tag=b2953] [db_xref=UniProtKB/Swiss-Prot:P52060] [protein=DUF167 domain-containing protein YggU] [protein_id=AAC75990.2] [location=3096383..3096673][gbkey=CDS] => hypothetical protein
[13:32:05] Modify product: [gene=yggM] [locus_tag=b2956] [db_xref=UniProtKB/Swiss-Prot:P46142] [protein=DUF1202 domain-containing protein YggM] [protein_id=AAC75993.1] [location=complement(3098558..3099565)][gbkey=CDS] => hypothetical protein
[13:32:05] Modify product: [gene=yggN] [locus_tag=b2958] [db_xref=UniProtKB/Swiss-Prot:P0ADS9] [protein=DUF2884 domain-containing protein YggN] [protein_id=AAC75995.1] [location=complement(3100904..3101623)][gbkey=CDS] => hypothetical protein
[13:32:05] Modify product: [gene=yqgA] [locus_tag=b2966] [db_xref=UniProtKB/Swiss-Prot:Q46831] [protein=DUF554 domain-containing protein YqgA] [protein_id=AAC76003.1] [location=3109553..3110260][gbkey=CDS] => hypothetical protein
[13:32:05] Modify product: [gene=yfjQ] [locus_tag=b2633] [db_xref=UniProtKB/Swiss-Prot:P52132] [protein=CP4-57 prophage;DUF932 domain-containing protein YfjQ] [protein_id=AAC75681.1][location=2768665..2769486] [gbkey=CDS] => hypothetical protein
[13:32:05] Modify product: [gene=yeeT] [locus_tag=b2003] [db_xref=UniProtKB/Swiss-Prot:P64521] [protein=CP4-44 prophage;DUF987 domain-containing protein YeeT] [protein_id=AAC75064.1][location=2076817..2077038] [gbkey=CDS] => hypothetical protein
[13:32:05] Modify product: [gene=yghW] [locus_tag=b2998] [db_xref=UniProtKB/Swiss-Prot:P64574] [protein=DUF2623 domain-containing protein YghW] [protein_id=AAC76034.1] [location=complement(3146450..3146737)][gbkey=CDS] => hypothetical protein
[13:32:05] Modify product: [gene=yqhG] [locus_tag=b3013] [db_xref=UniProtKB/Swiss-Prot:Q46858] [protein=DUF3828 domain-containing protein YqhG] [protein_id=AAT48160.1] [location=3157650..3158576][gbkey=CDS] => hypothetical protein
[13:32:05] Modify product: [gene=yqiB] [locus_tag=b3033] [db_xref=UniProtKB/Swiss-Prot:P0ADU7] [protein=DUF1249 domain-containing protein YqiB] [protein_id=AAC76069.1] [location=complement(3176858..3177280)][gbkey=CDS] => hypothetical protein
[13:32:05] Modify product: [gene=ygiB] [locus_tag=b3037] [db_xref=UniProtKB/Swiss-Prot:P0ADT2] [protein=DUF1190 domain-containing protein YgiB] [protein_id=AAC76073.3] [location=3179744..3180415][gbkey=CDS] => hypothetical protein
[13:32:05] Modify product: [gene=yqiJ] [locus_tag=b3050] [db_xref=UniProtKB/Swiss-Prot:P76657] [protein=DUF1449 domain-containing inner membrane protein YqiJ] [protein_id=AAC76086.1][location=3192208..3192837] [gbkey=CDS] => hypothetical protein
[13:32:05] Modify product: [gene=ebgC] [locus_tag=b3077] [db_xref=UniProtKB/Swiss-Prot:P0AC73] [protein=DUF386 domain-containing evolved beta-D-galactosidase subunit beta] [protein_id=AAC76112.1][location=3225722..3226171] [gbkey=CDS] => hypothetical protein
[13:32:05] Modify product: [gene=ygjQ] [locus_tag=b3086] [db_xref=UniProtKB/Swiss-Prot:P42598] [protein=DUF218 domain-containing protein YgjQ] [protein_id=AAC76121.1] [location=3236540..3237232][gbkey=CDS] => hypothetical protein
[13:32:05] Modify product: [gene=yqjC] [locus_tag=b3097] [db_xref=UniProtKB/Swiss-Prot:P42616] [protein=DUF1090 domain-containing protein YqjC] [protein_id=AAC76132.2] [location=3248969..3249337][gbkey=CDS] => hypothetical protein
[13:32:05] Modify product: [gene=yqjD] [locus_tag=b3098] [db_xref=UniProtKB/Swiss-Prot:P64581] [protein=ribosome-and membrane-associated DUF883 domain-containing protein YqjD][protein_id=AAC76133.1] [location=3249375..3249680] [gbkey=CDS] => hypothetical protein
[13:32:05] Modify product: [gene=rsmI] [locus_tag=b3146] [db_xref=UniProtKB/Swiss-Prot:P67087] [protein=16S rRNA 2'-O-ribose C1402 methyltransferase] [protein_id=AAC76180.1][location=complement(3292475..3293335)] [gbkey=CDS] => [gene=rsmI] [locus_tag=b3146] [db_xref=UniProtKB/Swiss-Prot:P67087] [protein=16S rRNA 2'-O-ribose methyltransferase] [protein_id=AAC76180.1][location=complement(3292475..3293335)] [gbkey=CDS]
[13:32:05] Modify product: [gene=yraN] [locus_tag=b3148] [db_xref=UniProtKB/Swiss-Prot:P45465] [protein=UPF0102 family protein YraN] [protein_id=AAC76182.1] [location=3295394..3295789][gbkey=CDS] => hypothetical protein
[13:32:05] Modify product: [gene=rlmE] [locus_tag=b3179] [db_xref=UniProtKB/Swiss-Prot:P0C0R7] [protein=23S rRNA 2'-O-ribose U2552 methyltransferase] [protein_id=AAC76211.1][location=complement(3327035..3327664)] [gbkey=CDS] => [gene=rlmE] [locus_tag=b3179] [db_xref=UniProtKB/Swiss-Prot:P0C0R7] [protein=23S rRNA 2'-O-ribose methyltransferase] [protein_id=AAC76211.1][location=complement(3327035..3327664)] [gbkey=CDS]
[13:32:05] Modify product: [gene=yhcG] [locus_tag=b3220] [db_xref=UniProtKB/Swiss-Prot:P45423] [protein=DUF1016 domain-containing protein YhcG] [protein_id=AAC76252.1] [location=3367827..3368954][gbkey=CDS] => hypothetical protein
[13:32:05] Modify product: [gene=yhcH] [locus_tag=b3221] [db_xref=UniProtKB/Swiss-Prot:P45424] [protein=DUF386 domain-containing protein YhcH] [protein_id=AAC76253.1] [location=complement(3369014..3369478)][gbkey=CDS] => hypothetical protein
[13:32:05] Modify product: [gene=yhcB] [locus_tag=b3233] [db_xref=UniProtKB/Swiss-Prot:P0ADW3] [protein=DUF1043 domain-containing inner membrane protein YhcB] [protein_id=AAC76265.2][location=3380191..3380589] [gbkey=CDS] => hypothetical protein
[13:32:05] Modify product: [gene=yhcN] [locus_tag=b3238] [db_xref=UniProtKB/Swiss-Prot:P64614] [protein=DUF1471 domain-containing stress-induced protein YhcN] [protein_id=AAC76270.2][location=3385538..3385801] [gbkey=CDS] => hypothetical protein
[13:32:05] Modify product: [gene=aaeX] [locus_tag=b3242] [db_xref=UniProtKB/Swiss-Prot:P46478] [protein=DUF1656 domain-containing protein AaeX] [protein_id=AAC76274.2] [location=complement(3389134..3389337)][gbkey=CDS] => hypothetical protein
[13:32:05] Modify product: [gene=yhdT] [locus_tag=b3257] [db_xref=UniProtKB/Swiss-Prot:P45566] [protein=DUF997 domain-containing protein YhdT] [protein_id=AAC76289.1] [location=3407375..3407617][gbkey=CDS] => hypothetical protein
[13:32:05] Modify product: [gene=yhdU] [locus_tag=b3263] [db_xref=UniProtKB/Swiss-Prot:P64619] [protein=DUF2556 domain-containing protein YhdU] [protein_id=AAC76295.1] [location=3412621..3412800][gbkey=CDS] => hypothetical protein
[13:32:05] Modify product: [gene=yrdB] [locus_tag=b3280] [db_xref=UniProtKB/Swiss-Prot:P45795] [protein=DUF1488 domain-containing protein YrdB] [protein_id=AAC76305.1] [location=complement(3429766..3430023)][gbkey=CDS] => hypothetical protein
[13:32:05] Modify product: [gene=smg] [locus_tag=b3284] [db_xref=UniProtKB/Swiss-Prot:P0A828] [protein=DUF494 domain-containing protein Smg] [protein_id=AAC76309.1] [location=complement(3431991..3432464)][gbkey=CDS] => hypothetical protein
[13:32:05] Modify product: [gene=yhdN] [locus_tag=b3293] [db_xref=UniProtKB/Swiss-Prot:P36677] [protein=DUF1992 domain-containing protein YhdN] [protein_id=AAC76318.1] [location=complement(3439141..3439509)][gbkey=CDS] => hypothetical protein
[13:32:05] Modify product: [gene=yheV] [locus_tag=b4551] [db_xref=UniProtKB/Swiss-Prot:P0ADW8] [protein=DUF2387 domain-containing protein YheV] [protein_id=ABD18701.1] [location=complement(3478592..3478792)][gbkey=CDS] => hypothetical protein
[13:32:05] Modify product: [gene=yheU] [locus_tag=b3354] [db_xref=UniProtKB/Swiss-Prot:P67624] [protein=UPF0270 family protein YheU] [protein_id=AAC76379.1] [location=3484218..3484436][gbkey=CDS] => hypothetical protein
[13:32:05] Modify product: [gene=yhfG] [locus_tag=b3362] [db_xref=UniProtKB/Swiss-Prot:P0ADX5] [protein=DUF2559 domain-containing protein YhfG] [protein_id=AAC76387.1] [location=complement(3491453..3491620)][gbkey=CDS] => hypothetical protein
[13:32:05] Modify product: [gene=yhfL] [locus_tag=b3369] [db_xref=UniProtKB/Swiss-Prot:P64627] [protein=DUF4223 domain-containing lipoprotein YhfL] [protein_id=AAC76394.1] [location=3499448..3499615][gbkey=CDS] => hypothetical protein
[13:32:05] Modify product: [gene=yhfU] [locus_tag=b3378] [db_xref=UniProtKB/Swiss-Prot:P64631] [protein=DUF2620 domain-containing protein YhfU] [protein_id=AAC76403.2] [location=complement(3507348..3507701)][gbkey=CDS] => hypothetical protein
[13:32:05] Modify product: [gene=yhhA] [locus_tag=b3448] [db_xref=UniProtKB/Swiss-Prot:P0ADX7] [protein=DUF2756 domain-containing protein YhhA] [protein_id=AAC76473.1] [location=3586943..3587383][gbkey=CDS] => hypothetical protein
[13:32:06] Modify product: [gene=yhhL] [locus_tag=b3466] [db_xref=UniProtKB/Swiss-Prot:P37614] [protein=DUF1145 domain-containing protein YhhL] [protein_id=AAC76491.1] [location=3604979..3605248][gbkey=CDS] => hypothetical protein
[13:32:06] Modify product: [gene=yhhM] [locus_tag=b3467] [db_xref=UniProtKB/Swiss-Prot:P37615] [protein=DUF2500 domain-containing protein YhhM] [protein_id=AAC76492.1] [location=complement(3605251..3605610)][gbkey=CDS] => hypothetical protein
[13:32:06] Modify product: [gene=yhiJ] [locus_tag=b3488] [db_xref=UniProtKB/Swiss-Prot:P37627] [protein=DUF4049 domain-containing protein YhiJ] [protein_id=AAC76513.1] [location=complement(3630968..3632590)][gbkey=CDS] => hypothetical protein
[13:32:06] Modify product: [gene=yiaF] [locus_tag=b3554] [db_xref=UniProtKB/Swiss-Prot:P0ADK0] [protein=DUF3053 domain-containing protein YiaF] [protein_id=AAC76578.2] [location=complement(3718334..3719044)][gbkey=CDS] => hypothetical protein
[13:32:06] Modify product: [gene=insK] [locus_tag=b3558] [db_xref=UniProtKB/Swiss-Prot:P19769] [protein=IS150 conserved protein InsB] [protein_id=AAC76582.1] [location=3721198..3722049][gbkey=CDS] => hypothetical protein
[13:32:06] Modify product: [gene=yiaL] [locus_tag=b3576] [db_xref=UniProtKB/Swiss-Prot:P37673] [protein=DUF386 domain-containing protein YiaL] [protein_id=AAC76600.1] [location=3743743..3744210][gbkey=CDS] => hypothetical protein
[13:32:06] Modify product: [gene=yiaW] [locus_tag=b3587] [db_xref=UniProtKB/Swiss-Prot:P0ADK4] [protein=DUF3302 domain-containing protein YiaW] [protein_id=AAC76611.1] [location=complement(3754105..3754428)][gbkey=CDS] => hypothetical protein
[13:32:06] Modify product: [gene=yibI] [locus_tag=b3598] [db_xref=UniProtKB/Swiss-Prot:P32108] [protein=DUF3302 domain-containing protein YibI] [protein_id=AAC76622.1] [location=complement(3771382..3771744)][gbkey=CDS] => hypothetical protein
[13:32:06] Modify product: [gene=yibL] [locus_tag=b3602] [db_xref=UniProtKB/Swiss-Prot:P0ADK8] [protein=DUF2810 domain-containing protein YibL] [protein_id=AAC76626.1] [location=3776665..3777027][gbkey=CDS] => hypothetical protein
[13:32:06] Modify product: [gene=yicC] [locus_tag=b3644] [db_xref=UniProtKB/Swiss-Prot:P23839] [protein=UPF0701 family protein YicC] [protein_id=AAC76668.1] [location=3816676..3817539][gbkey=CDS] => hypothetical protein
[13:32:06] Modify product: [gene=yicN] [locus_tag=b3663] [db_xref=UniProtKB/Swiss-Prot:P0ADL3] [protein=DUF1198 domain-containing protein YicN] [protein_id=AAC76686.2] [location=complement(3841950..3842402)][gbkey=CDS] => hypothetical protein
[13:32:06] Modify product: [gene=yidH] [locus_tag=b3676] [db_xref=UniProtKB/Swiss-Prot:P0ADM0] [protein=DUF202 domain-containing inner membrane protein YidH] [protein_id=AAC76699.1][location=complement(3855960..3856307)] [gbkey=CDS] => hypothetical protein
[13:32:06] Modify product: [gene=yidQ] [locus_tag=b3688] [db_xref=UniProtKB/Swiss-Prot:P0ADM4] [protein=DUF1375 domain-containing putative lipoprotein YidQ] [protein_id=AAC76711.2][location=3867728..3868060] [gbkey=CDS] => hypothetical protein
[13:32:06] Modify product: [gene=yidR] [locus_tag=b3689] [db_xref=UniProtKB/Swiss-Prot:P31455] [protein=DUF3748 domain-containing galacturonate catabolism protein YidR] [protein_id=AAC76712.3][location=complement(3868062..3869309)] [gbkey=CDS] => hypothetical protein
[13:32:06] Modify product: [gene=yidB] [locus_tag=b3698] [db_xref=UniProtKB/Swiss-Prot:P09996] [protein=DUF937 domain-containing protein YidB] [protein_id=AAC76721.2] [location=complement(3877067..3877465)][gbkey=CDS] => hypothetical protein
[13:32:06] Modify product: [gene=cbrC] [locus_tag=b3717] [db_xref=UniProtKB/Swiss-Prot:P31469] [protein=UPF0167 family colicin E2 tolerance protein CbrC] [protein_id=AAC76740.1][location=3898022..3898609] [gbkey=CDS] => hypothetical protein
[13:32:06] Modify product: [gene=insK] [locus_tag=b3558] [db_xref=UniProtKB/Swiss-Prot:P19769] [protein=IS150 conserved protein InsB] [protein_id=AAC76582.1] [location=3721198..3722049][gbkey=CDS] => hypothetical protein
[13:32:06] Modify product: [gene=yigA] [locus_tag=b3810] [db_xref=UniProtKB/Swiss-Prot:P23305] [protein=DUF484 domain-containing protein YigA] [protein_id=AAC76813.1] [location=3995583..3996290][gbkey=CDS] => hypothetical protein
[13:32:06] Modify product: [gene=yigE] [locus_tag=b4482] [db_xref=UniProtKB/Swiss-Prot:P27840] [protein=DUF2233 domain-containing protein YigE] [protein_id=AAT48219.1] [location=complement(4000292..4001056)][gbkey=CDS] => hypothetical protein
[13:32:06] Modify product: [gene=yigF] [locus_tag=b3817] [db_xref=UniProtKB/Swiss-Prot:P27842] [protein=DUF2628 domain-containing protein YigF] [protein_id=AAC76820.1] [location=complement(4002419..4002799)][gbkey=CDS] => hypothetical protein
[13:32:06] Modify product: [gene=yahG] [locus_tag=b0321] [db_xref=UniProtKB/Swiss-Prot:P77221] [protein=DUF1116 domain-containing protein YahG] [protein_id=AAC73424.1] [location=338325..339743][gbkey=CDS] => hypothetical protein
[13:32:06] Modify product: [gene=yihD] [locus_tag=b3858] [db_xref=UniProtKB/Swiss-Prot:P0ADP9] [protein=DUF1040 domain-containing protein YihD] [protein_id=AAC76856.1] [location=4042069..4042338][gbkey=CDS] => hypothetical protein
[13:32:06] Modify product: [gene=yihF] [locus_tag=b3861] [db_xref=UniProtKB/Swiss-Prot:P32128] [protein=DUF945 domain-containing protein YihF] [protein_id=AAC76859.2] [location=4044199..4045629][gbkey=CDS] => hypothetical protein
[13:32:06] Modify product: [gene=yiiG] [locus_tag=b3896] [db_xref=UniProtKB/Swiss-Prot:P32151] [protein=DUF3829 domain-containing lipoprotein YiiG] [protein_id=AAC76878.1] [location=4087002..4088057][gbkey=CDS] => hypothetical protein
[13:32:06] Modify product: [gene=yiiQ] [locus_tag=b3920] [db_xref=UniProtKB/Swiss-Prot:P32160] [protein=DUF1454 domain-containing protein YiiQ] [protein_id=AAC76902.1] [location=complement(4111615..4112214)][gbkey=CDS] => hypothetical protein
[13:32:06] Modify product: [gene=yiiR] [locus_tag=b3921] [db_xref=UniProtKB/Swiss-Prot:P0AF34] [protein=DUF805 domain-containing protein YiiR] [protein_id=AAC76903.1] [location=4112315..4112755][gbkey=CDS] => hypothetical protein
[13:32:06] Modify product: [gene=yiiS] [locus_tag=b3922] [db_xref=UniProtKB/Swiss-Prot:P32162] [protein=DUF406 domain-containing protein YiiS] [protein_id=AAC76904.1] [location=4112967..4113266][gbkey=CDS] => hypothetical protein
[13:32:06] Modify product: [gene=yijF] [locus_tag=b3944] [db_xref=UniProtKB/Swiss-Prot:P32668] [protein=DUF1287 domain-containing protein YijF] [protein_id=AAC76926.1] [location=complement(4137040..4137657)][gbkey=CDS] => hypothetical protein
[13:32:06] Modify product: [gene=yijD] [locus_tag=b3964] [db_xref=UniProtKB/Swiss-Prot:P0AF40] [protein=DUF1422 domain-containing inner membrane protein YijD] [protein_id=AAC76946.1][location=4161771..4162130] [gbkey=CDS] => hypothetical protein
[13:32:06] Modify product: [gene=yjaG] [locus_tag=b3999] [db_xref=UniProtKB/Swiss-Prot:P32680] [protein=DUF416 domain-containing protein YjaG] [protein_id=AAC76973.1] [location=4199504..4200094][gbkey=CDS] => hypothetical protein
[13:32:06] Modify product: [gene=yjaH] [locus_tag=b4001] [db_xref=UniProtKB/Swiss-Prot:P32681] [protein=DUF1481 domain-containing protein YjaH] [protein_id=AAC76975.1] [location=4200566..4201261][gbkey=CDS] => hypothetical protein
[13:32:06] Modify product: [gene=yjbD] [locus_tag=b4023] [db_xref=UniProtKB/Swiss-Prot:P32685] [protein=DUF3811 domain-containing protein YjbD] [protein_id=AAC76993.1] [location=complement(4231359..4231631)][gbkey=CDS] => hypothetical protein
[13:32:06] Modify product: [gene=yjbM] [locus_tag=b4048] [db_xref=UniProtKB/Swiss-Prot:P32694] [protein=DUF2713 domain-containing protein YjbM] [protein_id=AAC77018.1] [location=4260599..4261306][gbkey=CDS] => hypothetical protein
[13:32:06] Modify product: [gene=yjbQ] [locus_tag=b4056] [db_xref=UniProtKB/Swiss-Prot:P0AF48] [protein=UPF0047 protein YjbQ] [protein_id=AAC77026.1] [location=4270238..4270654][gbkey=CDS] => hypothetical protein
[13:32:06] Modify product: [gene=yjcH] [locus_tag=b4068] [db_xref=UniProtKB/Swiss-Prot:P0AF54] [protein=DUF485 domain-containing inner membrane protein YjcH] [protein_id=AAC77038.1][location=complement(4284899..4285213)] [gbkey=CDS] => hypothetical protein
[13:32:06] Modify product: [gene=yjdF] [locus_tag=b4121] [db_xref=UniProtKB/Swiss-Prot:P39270] [protein=DUF2238 domain-containing inner membrane protein YjdF] [protein_id=AAC77082.1][location=complement(4344929..4345558)] [gbkey=CDS] => hypothetical protein
[13:32:06] Modify product: [gene=yjeI] [locus_tag=b4144] [db_xref=UniProtKB/Swiss-Prot:P0AF70] [protein=DUF4156 domain-containing lipoprotein YjeI] [protein_id=AAC77104.2] [location=4372809..4373162][gbkey=CDS] => hypothetical protein
[13:32:06] Modify product: [gene=yjeT] [locus_tag=b4176] [db_xref=UniProtKB/Swiss-Prot:P0AF73] [protein=DUF2065 domain-containing protein YjeT] [protein_id=AAC77133.1] [location=4404386..4404583][gbkey=CDS] => hypothetical protein
[13:32:06] Modify product: [gene=rlmB] [locus_tag=b4180] [db_xref=UniProtKB/Swiss-Prot:P63177] [protein=23S rRNA 2'-O-ribose G2251 methyltransferase] [protein_id=AAC77137.1][location=4409275..4410006] [gbkey=CDS] => [gene=rlmB] [locus_tag=b4180] [db_xref=UniProtKB/Swiss-Prot:P63177] [protein=23S rRNA 2'-O-ribose methyltransferase] [protein_id=AAC77137.1][location=4409275..4410006] [gbkey=CDS]
[13:32:06] Modify product: [gene=yjfI] [locus_tag=b4181] [db_xref=UniProtKB/Swiss-Prot:P0AF76] [protein=DUF2170 domain-containing protein YjfI] [protein_id=AAC77138.1] [location=4410133..4410534][gbkey=CDS] => hypothetical protein
[13:32:06] Modify product: [gene=yjfK] [locus_tag=b4183] [db_xref=UniProtKB/Swiss-Prot:P39293] [protein=DUF2491 domain-containing protein YjfK] [protein_id=AAC77140.1] [location=4411302..4411961][gbkey=CDS] => hypothetical protein
[13:32:06] Modify product: [gene=yjfL] [locus_tag=b4184] [db_xref=UniProtKB/Swiss-Prot:P0AF80] [protein=DUF350 domain-containing inner membrane protein YjfL] [protein_id=AAC77141.1][location=4411979..4412377] [gbkey=CDS] => hypothetical protein
[13:32:06] Modify product: [gene=yjfM] [locus_tag=b4185] [db_xref=UniProtKB/Swiss-Prot:P39295] [protein=DUF1190 domain-containing protein YjfM] [protein_id=AAC77142.1] [location=4412387..4413025][gbkey=CDS] => hypothetical protein
[13:32:06] Modify product: [gene=bsmA] [locus_tag=b4189] [db_xref=UniProtKB/Swiss-Prot:P39297] [protein=DUF1471 domain-containing putative lipoprotein BsmA] [protein_id=AAC77146.2][location=complement(4416441..4416770)] [gbkey=CDS] => hypothetical protein
[13:32:06] Modify product: [gene=yjfY] [locus_tag=b4199] [db_xref=UniProtKB/Swiss-Prot:P0AF86] [protein=DUF1471 domain-containing protein YjfY] [protein_id=AAC77156.1] [location=complement(4424516..4424791)][gbkey=CDS] => hypothetical protein
[13:32:06] Modify product: [gene=ytfL] [locus_tag=b4218] [db_xref=UniProtKB/Swiss-Prot:P0AE45] [protein=UPF0053 family inner membrane protein YtfL] [protein_id=AAC77175.1] [location=complement(4439872..4441215)][gbkey=CDS] => hypothetical protein
[13:32:07] Modify product: [gene=yjgA] [locus_tag=b4234] [db_xref=UniProtKB/Swiss-Prot:P0A8X0] [protein=DUF615 domain-containing protein YjgA] [protein_id=AAC77191.1] [location=complement(4457314..4457865)][gbkey=CDS] => hypothetical protein
[13:32:07] Modify product: [gene=tabA] [locus_tag=b4252] [db_xref=UniProtKB/Swiss-Prot:P0AF96] [protein=DUF386 domain-containing toxin-antitoxin biofilm protein TabA] [protein_id=AAC77209.2][location=4474862..4475314] [gbkey=CDS] => hypothetical protein
[13:32:07] Modify product: [gene=yjgR] [locus_tag=b4263] [db_xref=UniProtKB/Swiss-Prot:P39342] [protein=DUF853 domain-containing protein YjgR] [protein_id=AAC77220.1] [location=complement(4488561..4490063)][gbkey=CDS] => hypothetical protein
[13:32:07] Modify product: [gene=yjiN] [locus_tag=b4336] [db_xref=UniProtKB/Swiss-Prot:P39385] [protein=DUF445 domain-containing protein YjiN] [protein_id=AAC77292.1] [location=complement(4565966..4567246)][gbkey=CDS] => hypothetical protein
[13:32:07] Modify product: [gene=yjjA] [locus_tag=b4360] [db_xref=UniProtKB/Swiss-Prot:P18390] [protein=DUF2501 domain-containing protein YjjA] [protein_id=AAC77316.2] [location=complement(4599695..4600189)][gbkey=CDS] => hypothetical protein
[13:32:07] Modify product: [gene=yjjZ] [locus_tag=b4567] [db_xref=UniProtKB/Swiss-Prot:P55914] [protein=DUF1435 domain-containing protein YjjZ] [protein_id=ABD18719.1] [location=4605804..4606040][gbkey=CDS] => hypothetical protein
[13:32:07] Modify product: [gene=ytjA] [locus_tag=b4568] [db_xref=UniProtKB/Swiss-Prot:Q2M5U1] [protein=DUF1328 domain-containing protein YtjA] [protein_id=ABD18720.2] [location=4612128..4612289][gbkey=CDS] => hypothetical protein
[13:32:07] Modify product: [gene=yjjI] [locus_tag=b4380] [db_xref=UniProtKB/Swiss-Prot:P37342] [protein=DUF3029 domain-containing protein YjjI] [protein_id=AAC77333.1] [location=complement(4615515..4617065)][gbkey=CDS] => hypothetical protein
[13:32:07] Cleaned 240 /product names
[13:32:07] Deleting unwanted file: K12_annotations/PROKKA_03162021.proteins.tmp.48215.faa
[13:32:07] Deleting unwanted file: K12_annotations/PROKKA_03162021.proteins.tmp.48215.blast
[13:32:07] There are still 291 unannotated CDS left (started with 4306)
[13:32:07] Will use blast to search against /Users/anuraglimdi/anaconda3/db/kingdom/Bacteria/IS with 2 CPUs
[13:32:07] Running: cat K12_annotations\/PROKKA_03162021\.IS\.tmp\.48215\.faa | parallel --gnu --plain -j 2 --block 17551 --recstart '>' --pipe blastp -query - -db /Users/anuraglimdi/anaconda3/db/kingdom/Bacteria/IS -evalue 1e-30 -qcov_hsp_perc 90 -num_threads 1 -num_descriptions 1 -num_alignments 1 -seg no > K12_annotations\/PROKKA_03162021\.IS\.tmp\.48215\.blast 2> /dev/null
[13:32:10] Deleting unwanted file: K12_annotations/PROKKA_03162021.IS.tmp.48215.faa
[13:32:10] Deleting unwanted file: K12_annotations/PROKKA_03162021.IS.tmp.48215.blast
[13:32:10] There are still 290 unannotated CDS left (started with 4306)
[13:32:10] Will use blast to search against /Users/anuraglimdi/anaconda3/db/kingdom/Bacteria/AMR with 2 CPUs
[13:32:10] Running: cat K12_annotations\/PROKKA_03162021\.AMR\.tmp\.48215\.faa | parallel --gnu --plain -j 2 --block 17524 --recstart '>' --pipe blastp -query - -db /Users/anuraglimdi/anaconda3/db/kingdom/Bacteria/AMR -evalue 9.99999999999999e-301 -qcov_hsp_perc 90 -num_threads 1 -num_descriptions 1 -num_alignments 1 -seg no > K12_annotations\/PROKKA_03162021\.AMR\.tmp\.48215\.blast 2> /dev/null
[13:32:12] Deleting unwanted file: K12_annotations/PROKKA_03162021.AMR.tmp.48215.faa
[13:32:12] Deleting unwanted file: K12_annotations/PROKKA_03162021.AMR.tmp.48215.blast
[13:32:12] There are still 290 unannotated CDS left (started with 4306)
[13:32:12] Will use blast to search against /Users/anuraglimdi/anaconda3/db/kingdom/Bacteria/sprot with 2 CPUs
[13:32:12] Running: cat K12_annotations\/PROKKA_03162021\.sprot\.tmp\.48215\.faa | parallel --gnu --plain -j 2 --block 17524 --recstart '>' --pipe blastp -query - -db /Users/anuraglimdi/anaconda3/db/kingdom/Bacteria/sprot -evalue 1e-09 -qcov_hsp_perc 80 -num_threads 1 -num_descriptions 1 -num_alignments 1 -seg no > K12_annotations\/PROKKA_03162021\.sprot\.tmp\.48215\.blast 2> /dev/null
[13:32:21] Modify product: Probable deoxyribonuclease RhsA => putative deoxyribonuclease RhsA
[13:32:22] Cleaned 1 /product names
[13:32:22] Deleting unwanted file: K12_annotations/PROKKA_03162021.sprot.tmp.48215.faa
[13:32:22] Deleting unwanted file: K12_annotations/PROKKA_03162021.sprot.tmp.48215.blast
[13:32:22] There are still 258 unannotated CDS left (started with 4306)
[13:32:22] Will use hmmer3 to search against /Users/anuraglimdi/anaconda3/db/hmm/HAMAP.hmm with 2 CPUs
[13:32:22] Running: cat K12_annotations\/PROKKA_03162021\.HAMAP\.hmm\.tmp\.48215\.faa | parallel --gnu --plain -j 2 --block 14862 --recstart '>' --pipe hmmscan --noali --notextw --acc -E 1e-09 --cpu 1 /Users/anuraglimdi/anaconda3/db/hmm/HAMAP.hmm /dev/stdin > K12_annotations\/PROKKA_03162021\.HAMAP\.hmm\.tmp\.48215\.hmmer3 2> /dev/null
[13:32:31] Deleting unwanted file: K12_annotations/PROKKA_03162021.HAMAP.hmm.tmp.48215.faa
[13:32:31] Deleting unwanted file: K12_annotations/PROKKA_03162021.HAMAP.hmm.tmp.48215.hmmer3
[13:32:31] Deleting unwanted file: K12_annotations/proteins.psq
[13:32:31] Deleting unwanted file: K12_annotations/proteins.phr
[13:32:31] Deleting unwanted file: K12_annotations/proteins.pin
[13:32:31] Labelling remaining 248 proteins as 'hypothetical protein'
[13:32:31] Possible /pseudo '[gene=caiB] [locus_tag=b0038] [db_xref=UniProtKB/Swiss-Prot:P31572] [protein=gamma-butyrobetainyl-CoA:carnitine CoA transferase] [protein_id=AAC73149.1][location=complement(37898..39115)] [gbkey=CDS]' at NC_012967.1 position 42889
[13:32:31] Possible /pseudo '[gene=nfrB] [locus_tag=b0569] [db_xref=UniProtKB/Swiss-Prot:P0AFA5] [protein=bacteriophage N4 adsorption protein] [protein_id=AAC73670.1] [location=complement(590941..593178)][gbkey=CDS]' at NC_012967.1 position 567951
[13:32:31] Possible /pseudo '[gene=cstA] [locus_tag=b0598] [db_xref=UniProtKB/Swiss-Prot:P15078] [protein=carbon starvation protein A] [protein_id=AAC73699.1] [location=629894..631999][gbkey=CDS]' at NC_012967.1 position 613648
[13:32:31] Possible /pseudo '[gene=ybeQ] [locus_tag=b0644] [db_xref=UniProtKB/Swiss-Prot:P77234] [protein=Sel1 repeat-containing protein YbeQ] [protein_id=AAC73745.2] [location=complement(675570..676547)][gbkey=CDS]' at NC_012967.1 position 658619
[13:32:31] Possible /pseudo '[gene=yhhI] [locus_tag=b3484] [db_xref=UniProtKB/Swiss-Prot:P28912] [protein=putative transposase][protein_id=AAC76509.1] [location=3624378..3625514][gbkey=CDS]' at NC_012967.1 position 717997
[13:32:31] Possible /pseudo '[gene=hlyE] [locus_tag=b1182] [db_xref=UniProtKB/Swiss-Prot:P77335] [protein=hemolysin E] [protein_id=AAC74266.2] [location=complement(1229483..1230394)][gbkey=CDS]' at NC_012967.1 position 1230029
[13:32:31] Possible /pseudo '[gene=ldrB] [locus_tag=b4421] [db_xref=UniProtKB/Swiss-Prot:Q6BF87] [protein=small toxic polypeptide LdrB] [protein_id=AAT48127.1] [location=complement(1269703..1269810)][gbkey=CDS]' at NC_012967.1 position 1269851
[13:32:31] Possible /pseudo '[gene=ldrB] [locus_tag=b4421] [db_xref=UniProtKB/Swiss-Prot:Q6BF87] [protein=small toxic polypeptide LdrB] [protein_id=AAT48127.1] [location=complement(1269703..1269810)][gbkey=CDS]' at NC_012967.1 position 1270386
[13:32:31] Possible /pseudo '[gene=yddE] [locus_tag=b1464] [db_xref=UniProtKB/Swiss-Prot:P37757] [protein=PF02567 family protein YddE] [protein_id=AAC74546.1] [location=complement(1534965..1535858)][gbkey=CDS]' at NC_012967.1 position 1509443
[13:32:31] Possible /pseudo '[gene=fdnG] [locus_tag=b1474] [db_xref=UniProtKB/Swiss-Prot:P24183] [protein=formate dehydrogenase N subunit alpha] [transl_except=(pos:586..588,aa:Sec)][protein_id=AAD13438.1] [location=1547401..1550448] [gbkey=CDS]' at NC_012967.1 position 1522187
[13:32:31] Possible /pseudo '[gene=fimD] [locus_tag=b4317] [db_xref=UniProtKB/Swiss-Prot:P30130] [protein=type I fimbriae usher protein] [protein_id=AAC77273.1] [location=4545096..4547732][gbkey=CDS]' at NC_012967.1 position 1565104
[13:32:31] Possible /pseudo '[gene=fimC] [locus_tag=b4316] [db_xref=UniProtKB/Swiss-Prot:P31697] [protein=type 1 fimbriae periplasmic chaperone] [protein_id=AAC77272.1] [location=4544304..4545029][gbkey=CDS]' at NC_012967.1 position 1565832
[13:32:31] Possible /pseudo '[gene=ydiM] [locus_tag=b1690] [db_xref=UniProtKB/Swiss-Prot:P76197] [protein=putative exporter YdiM] [protein_id=AAC74760.1] [location=1771071..1772285][gbkey=CDS]' at NC_012967.1 position 1748697
[13:32:31] Possible /pseudo '[gene=rflP] [locus_tag=b1707] [db_xref=UniProtKB/Swiss-Prot:P76204] [protein=anti-FlhDC factor RflP] [protein_id=AAC74777.1] [location=complement(1791307..1792020)][gbkey=CDS]' at NC_012967.1 position 1769030
[13:32:31] Possible /pseudo '[gene=yfdF] [locus_tag=b2345] [db_xref=UniProtKB/Swiss-Prot:P76505] [protein=protein YfdF][protein_id=AAC75405.1] [location=2463012..2464070] [gbkey=CDS]' at NC_012967.1 position 2407061
[13:32:31] Possible /pseudo '[gene=hyfD] [locus_tag=b2484] [db_xref=UniProtKB/Swiss-Prot:P77416] [protein=hydrogenase 4 component D] [protein_id=AAC75537.1] [location=2604811..2606250][gbkey=CDS]' at NC_012967.1 position 2525724
[13:32:31] Possible /pseudo '[gene=hybO] [locus_tag=b2997] [db_xref=UniProtKB/Swiss-Prot:P69741] [protein=hydrogenase 2 small subunit] [protein_id=AAC76033.1] [location=complement(3145143..3146261)][gbkey=CDS]' at NC_012967.1 position 3080236
[13:32:31] Possible /pseudo '[gene=ldrD] [locus_tag=b4453] [db_xref=UniProtKB/Swiss-Prot:Q6BF25] [protein=small toxic polypeptide LdrD] [protein_id=AAT48189.1] [location=complement(3699980..3700087)][gbkey=CDS]' at NC_012967.1 position 3629955
[13:32:31] Possible /pseudo '[gene=xylG] [locus_tag=b3567] [db_xref=UniProtKB/Swiss-Prot:P37388] [protein=xylose ABC transporter ATP binding subunit] [protein_id=AAC76591.1] [location=3732201..3733742][gbkey=CDS]' at NC_012967.1 position 3663872
[13:32:31] Possible /pseudo '[gene=rsmG] [locus_tag=b3740] [db_xref=UniProtKB/Swiss-Prot:P0A6U5] [protein=16S rRNA m(7)G527 methyltransferase] [protein_id=AAC76763.1] [location=complement(3923057..3923680)][gbkey=CDS]' at NC_012967.1 position 3883646
[13:32:31] Possible /pseudo '[gene=fabY] [locus_tag=b3888] [db_xref=UniProtKB/Swiss-Prot:P0ADQ2] [protein=putative fatty acid biosynthesis enzyme FabY] [protein_id=AAD13450.1][location=4077449..4078438] [gbkey=CDS]' at NC_012967.1 position 4056166
[13:32:31] Possible /pseudo '[gene=fdoG] [locus_tag=b3894] [db_xref=UniProtKB/Swiss-Prot:P32176] [protein=formate dehydrogenase O subunit alpha] [transl_except=(pos:586..588,aa:Sec)][protein_id=AAD13456.1] [location=complement(4082772..4085822)][gbkey=CDS]' at NC_012967.1 position 4063382
[13:32:31] Possible /pseudo '[gene=arpA] [locus_tag=b4017] [db_xref=UniProtKB/Swiss-Prot:P23325] [protein=regulator of acetyl CoA synthetase] [protein_id=AAC76987.1] [location=complement(4220301..4222487)][gbkey=CDS]' at NC_012967.1 position 4200507
[13:32:31] Possible /pseudo '[gene=pdeC] [locus_tag=b4061] [db_xref=UniProtKB/Swiss-Prot:P32701] [protein=c-di-GMP phosphodiesterase PdeC] [protein_id=AAC77031.1] [location=4275471..4277057][gbkey=CDS]' at NC_012967.1 position 4255349
[13:32:31] Possible /pseudo '[gene=fdhF] [locus_tag=b4079] [db_xref=UniProtKB/Swiss-Prot:P07658] [protein=formate dehydrogenase H] [transl_except=(pos:418..420,aa:Sec)] [protein_id=AAD13462.1][location=complement(4297219..4299366)] [gbkey=CDS]' at NC_012967.1 position 4277769
[13:32:31] Possible /pseudo '[gene=dcuS] [locus_tag=b4125] [db_xref=UniProtKB/Swiss-Prot:P0AEC8] [protein=sensor histidine kinase DcuS] [protein_id=AAC77086.1] [location=complement(4350031..4351662)][gbkey=CDS]' at NC_012967.1 position 4329471
[13:32:31] Possible /pseudo '[gene=lgoR] [locus_tag=b4357] [db_xref=UniProtKB/Swiss-Prot:P39399] [protein=putative DNA-binding transcriptional regulator LgoR] [protein_id=AAT48248.1][location=complement(4594937..4595851)] [gbkey=CDS]' at NC_012967.1 position 4584792
[13:32:31] Possible /pseudo '[gene=creD] [locus_tag=b4400] [db_xref=UniProtKB/Swiss-Prot:P08369] [protein=putative inner membrane protein CreD] [protein_id=AAC77353.1] [location=4638178..4639530][gbkey=CDS]' at NC_012967.1 position 4626932
[13:32:31] Found 39 unique /gene codes.
[13:32:31] Fixed 2 duplicate /gene - xerC_1 xerC_2
[13:32:31] Fixed 2 duplicate /gene - rhaR_1 rhaR_2
[13:32:31] Fixed 2 colliding /gene names.
[13:32:31] Adding /locus_tag identifiers
[13:32:31] Assigned 4416 locus_tags to CDS and RNA features.
[13:32:31] Writing outputs to K12_annotations/
[13:32:34] Generating annotation statistics file
[13:32:34] Generating Genbank and Sequin files
[13:32:34] Running: tbl2asn -V b -a r10k -l paired-ends -M n -N 1 -y 'Annotated using prokka 1.14.6 from https://github.com/tseemann/prokka' -Z K12_annotations\/PROKKA_03162021\.err -i K12_annotations\/PROKKA_03162021\.fsa 2> /dev/null
[13:32:48] Deleting unwanted file: K12_annotations/errorsummary.val
[13:32:48] Deleting unwanted file: K12_annotations/PROKKA_03162021.dr
[13:32:48] Deleting unwanted file: K12_annotations/PROKKA_03162021.fixedproducts
[13:32:48] Deleting unwanted file: K12_annotations/PROKKA_03162021.ecn
[13:32:48] Deleting unwanted file: K12_annotations/PROKKA_03162021.val
[13:32:48] Repairing broken .GBK output that tbl2asn produces...
[13:32:48] Running: sed 's/COORDINATES: profile/COORDINATES:profile/' < K12_annotations\/PROKKA_03162021\.gbf > K12_annotations\/PROKKA_03162021\.gbk
[13:32:48] Deleting unwanted file: K12_annotations/PROKKA_03162021.gbf
[13:32:48] Output files:
[13:32:48] K12_annotations/PROKKA_03162021.txt
[13:32:48] K12_annotations/PROKKA_03162021.gbf-r
[13:32:48] K12_annotations/PROKKA_03162021.tbl
[13:32:48] K12_annotations/PROKKA_03162021.sqn
[13:32:48] K12_annotations/PROKKA_03162021.gff
[13:32:48] K12_annotations/PROKKA_03162021.err
[13:32:48] K12_annotations/PROKKA_03162021.fna
[13:32:48] K12_annotations/PROKKA_03162021.tsv
[13:32:48] K12_annotations/PROKKA_03162021.ffn
[13:32:48] K12_annotations/PROKKA_03162021.log
[13:32:48] K12_annotations/PROKKA_03162021.gbk
[13:32:48] K12_annotations/PROKKA_03162021.fsa
[13:32:48] K12_annotations/PROKKA_03162021.faa
[13:32:48] Annotation finished successfully.
[13:32:48] Walltime used: 1.67 minutes
[13:32:48] If you use this result please cite the Prokka paper:
[13:32:48] Seemann T (2014) Prokka: rapid prokaryotic genome annotation. Bioinformatics. 30(14):2068-9.
[13:32:48] Type 'prokka --citation' for more details.
[13:32:48] Thank you, come again.
